#
# There is insufficient memory for the Java Runtime Environment to continue.
# Native memory allocation (mmap) failed to map 4161536 bytes for G1 virtual space
# Possible reasons:
#   The system is out of physical RAM or swap space
#   The process is running with CompressedOops enabled, and the Java Heap may be blocking the growth of the native heap
# Possible solutions:
#   Reduce memory load on the system
#   Increase physical memory or swap space
#   Check if swap backing store is full
#   Decrease Java heap size (-Xmx/-Xms)
#   Decrease number of Java threads
#   Decrease Java thread stack sizes (-Xss)
#   Set larger code cache with -XX:ReservedCodeCacheSize=
#   JVM is running with Zero Based Compressed Oops mode in which the Java heap is
#     placed in the first 32GB address space. The Java Heap base address is the
#     maximum limit for the native heap growth. Please use -XX:HeapBaseMinAddress
#     to set the Java Heap base and to place the Java Heap above 32GB virtual address.
# This output file may be truncated or incomplete.
#
#  Out of Memory Error (os_windows.cpp:3548), pid=21028, tid=27948
#
# JRE version:  (17.0.12+8) (build )
# Java VM: Java HotSpot(TM) 64-Bit Server VM (17.0.12+8-LTS-286, mixed mode, sharing, tiered, compressed oops, compressed class ptrs, g1 gc, windows-amd64)
# No core dump will be written. Minidumps are not enabled by default on client versions of Windows
#

---------------  S U M M A R Y ------------

Command Line: -Dnet.bytebuddy.agent.attacher.dump= net.bytebuddy.agent.Attacher com.sun.tools.attach.VirtualMachine 17760 C:\Users\Saurabh Srivastav\.m2\repository\net\bytebuddy\byte-buddy-agent\1.17.7\byte-buddy-agent-1.17.7.jar false 

Host: Intel(R) Core(TM) i5-10300H CPU @ 2.50GHz, 8 cores, 15G,  Windows 11 , 64 bit Build 26100 (10.0.26100.5074)
Time: Thu Oct  2 17:24:39 2025 India Standard Time elapsed time: 1.689239 seconds (0d 0h 0m 1s)

---------------  T H R E A D  ---------------

Current thread (0x000002697ba1d630):  JavaThread "Unknown thread" [_thread_in_vm, id=27948, stack(0x0000007334900000,0x0000007334a00000)]

Stack: [0x0000007334900000,0x0000007334a00000]
Native frames: (J=compiled Java code, j=interpreted, Vv=VM code, C=native code)
V  [jvm.dll+0x67a04a]
V  [jvm.dll+0x7da4ed]
V  [jvm.dll+0x7dbe33]
V  [jvm.dll+0x7dc4a3]
V  [jvm.dll+0x24508f]
V  [jvm.dll+0x677089]
V  [jvm.dll+0x66bd32]
V  [jvm.dll+0x301fa6]
V  [jvm.dll+0x309546]
V  [jvm.dll+0x359d43]
V  [jvm.dll+0x359f5f]
V  [jvm.dll+0x2d9078]
V  [jvm.dll+0x2d9fe4]
V  [jvm.dll+0x7aca21]
V  [jvm.dll+0x367591]
V  [jvm.dll+0x78b999]
V  [jvm.dll+0x3ec83f]
V  [jvm.dll+0x3ee471]
C  [jli.dll+0x5297]
C  [ucrtbase.dll+0x37b0]
C  [KERNEL32.DLL+0x2e8d7]
C  [ntdll.dll+0x8d9c]


---------------  P R O C E S S  ---------------

Threads class SMR info:
_java_thread_list=0x00007ffd97717a18, length=0, elements={
}

Java Threads: ( => current thread )

Other Threads:
  0x000002697ba89c00 GCTaskThread "GC Thread#0" [stack: 0x0000007334a00000,0x0000007334b00000] [id=28348]
  0x000002697ba9a8d0 ConcurrentGCThread "G1 Main Marker" [stack: 0x0000007334b00000,0x0000007334c00000] [id=7428]
  0x000002697ba9cfc0 ConcurrentGCThread "G1 Conc#0" [stack: 0x0000007334c00000,0x0000007334d00000] [id=12792]

[error occurred during error reporting (printing all threads), id 0xc0000005, EXCEPTION_ACCESS_VIOLATION (0xc0000005) at pc=0x00007ffd96f49b67]

VM state: not at safepoint (not fully initialized)

VM Mutex/Monitor currently owned by a thread:  ([mutex/lock_event])
[0x000002697ba18f30] Heap_lock - owner thread: 0x000002697ba1d630

Heap address: 0x0000000702800000, size: 4056 MB, Compressed Oops mode: Zero based, Oop shift amount: 3

CDS archive(s) mapped at: [0x0000000000000000-0x0000000000000000-0x0000000000000000), size 0, SharedBaseAddress: 0x0000000800000000, ArchiveRelocationMode: 1.
Narrow klass base: 0x0000000000000000, Narrow klass shift: 0, Narrow klass range: 0x0

GC Precious Log:
<Empty>

Heap:
 garbage-first heap   total 0K, used 0K [0x0000000702800000, 0x0000000800000000)
  region size 2048K, 0 young (0K), 0 survivors (0K)

[error occurred during error reporting (printing heap information), id 0xc0000005, EXCEPTION_ACCESS_VIOLATION (0xc0000005) at pc=0x00007ffd97333859]

GC Heap History (0 events):
No events

Deoptimization events (0 events):
No events

Classes unloaded (0 events):
No events

Classes redefined (0 events):
No events

Internal exceptions (0 events):
No events

VM Operations (0 events):
No events

Events (1 events):
Event: 0.007 Loaded shared library C:\Program Files\Java\jdk-17\bin\java.dll


Dynamic libraries:
0x00007ff6c1fc0000 - 0x00007ff6c1fd0000 	C:\Program Files\Java\jdk-17\bin\java.exe
0x00007ffdf4860000 - 0x00007ffdf4ac9000 	C:\WINDOWS\SYSTEM32\ntdll.dll
0x00007ffdf4450000 - 0x00007ffdf4519000 	C:\WINDOWS\System32\KERNEL32.DLL
0x00007ffdf19f0000 - 0x00007ffdf1de3000 	C:\WINDOWS\System32\KERNELBASE.dll
0x00007ffdf23b0000 - 0x00007ffdf24fb000 	C:\WINDOWS\System32\ucrtbase.dll
0x00007ffde21c0000 - 0x00007ffde21db000 	C:\Program Files\Java\jdk-17\bin\VCRUNTIME140.dll
0x00007ffde2230000 - 0x00007ffde2249000 	C:\Program Files\Java\jdk-17\bin\jli.dll
0x00007ffdf4700000 - 0x00007ffdf47b4000 	C:\WINDOWS\System32\ADVAPI32.dll
0x00007ffdf4530000 - 0x00007ffdf45d9000 	C:\WINDOWS\System32\msvcrt.dll
0x00007ffdf37e0000 - 0x00007ffdf3886000 	C:\WINDOWS\System32\sechost.dll
0x00007ffdf4020000 - 0x00007ffdf4138000 	C:\WINDOWS\System32\RPCRT4.dll
0x00007ffdf26c0000 - 0x00007ffdf2884000 	C:\WINDOWS\System32\USER32.dll
0x00007ffdf22c0000 - 0x00007ffdf22e7000 	C:\WINDOWS\System32\win32u.dll
0x00007ffdd8610000 - 0x00007ffdd88a3000 	C:\WINDOWS\WinSxS\amd64_microsoft.windows.common-controls_6595b64144ccf1df_6.0.26100.5074_none_3e0d6f78e32fd63f\COMCTL32.dll
0x00007ffdf4420000 - 0x00007ffdf444b000 	C:\WINDOWS\System32\GDI32.dll
0x00007ffdf2500000 - 0x00007ffdf262d000 	C:\WINDOWS\System32\gdi32full.dll
0x00007ffdf2010000 - 0x00007ffdf20b3000 	C:\WINDOWS\System32\msvcp_win.dll
0x00007ffde3080000 - 0x00007ffde308b000 	C:\WINDOWS\SYSTEM32\VERSION.dll
0x00007ffdf43e0000 - 0x00007ffdf440f000 	C:\WINDOWS\System32\IMM32.DLL
0x00007ffdec810000 - 0x00007ffdec81c000 	C:\Program Files\Java\jdk-17\bin\vcruntime140_1.dll
0x00007ffddbc20000 - 0x00007ffddbcae000 	C:\Program Files\Java\jdk-17\bin\msvcp140.dll
0x00007ffd96c60000 - 0x00007ffd97840000 	C:\Program Files\Java\jdk-17\bin\server\jvm.dll
0x00007ffdf3f30000 - 0x00007ffdf3f38000 	C:\WINDOWS\System32\PSAPI.DLL
0x00007ffddeaa0000 - 0x00007ffddead5000 	C:\WINDOWS\SYSTEM32\WINMM.dll
0x00007ffdd7810000 - 0x00007ffdd781a000 	C:\WINDOWS\SYSTEM32\WSOCK32.dll
0x00007ffdf2630000 - 0x00007ffdf26a4000 	C:\WINDOWS\System32\WS2_32.dll
0x00007ffdf07b0000 - 0x00007ffdf07cb000 	C:\WINDOWS\SYSTEM32\kernel.appcore.dll
0x00007ffdec690000 - 0x00007ffdec69a000 	C:\Program Files\Java\jdk-17\bin\jimage.dll
0x00007ffdef140000 - 0x00007ffdef382000 	C:\WINDOWS\SYSTEM32\DBGHELP.DLL
0x00007ffdf2950000 - 0x00007ffdf2ccb000 	C:\WINDOWS\System32\combase.dll
0x00007ffdf3f40000 - 0x00007ffdf4017000 	C:\WINDOWS\System32\OLEAUT32.dll
0x00007ffdd4ae0000 - 0x00007ffdd4b1d000 	C:\WINDOWS\SYSTEM32\dbgcore.DLL
0x00007ffdf1f70000 - 0x00007ffdf2009000 	C:\WINDOWS\System32\bcryptPrimitives.dll
0x00007ffdd6a10000 - 0x00007ffdd6a35000 	C:\Program Files\Java\jdk-17\bin\java.dll

dbghelp: loaded successfully - version: 4.0.5 - missing functions: none
symbol engine: initialized successfully - sym options: 0x614 - pdb path: .;C:\Program Files\Java\jdk-17\bin;C:\WINDOWS\SYSTEM32;C:\WINDOWS\WinSxS\amd64_microsoft.windows.common-controls_6595b64144ccf1df_6.0.26100.5074_none_3e0d6f78e32fd63f;C:\Program Files\Java\jdk-17\bin\server

VM Arguments:
jvm_args: -Dnet.bytebuddy.agent.attacher.dump= 
java_command: net.bytebuddy.agent.Attacher com.sun.tools.attach.VirtualMachine 17760 C:\Users\Saurabh Srivastav\.m2\repository\net\bytebuddy\byte-buddy-agent\1.17.7\byte-buddy-agent-1.17.7.jar false 
java_class_path (initial): C:\Users\Saurabh Srivastav\.m2\repository\net\bytebuddy\byte-buddy-agent\1.17.7\byte-buddy-agent-1.17.7.jar
Launcher Type: SUN_STANDARD

[Global flags]
     intx CICompilerCount                          = 4                                         {product} {ergonomic}
     uint ConcGCThreads                            = 2                                         {product} {ergonomic}
     uint G1ConcRefinementThreads                  = 8                                         {product} {ergonomic}
   size_t G1HeapRegionSize                         = 2097152                                   {product} {ergonomic}
    uintx GCDrainStackTargetSize                   = 64                                        {product} {ergonomic}
   size_t InitialHeapSize                          = 266338304                                 {product} {ergonomic}
   size_t MarkStackSize                            = 4194304                                   {product} {ergonomic}
   size_t MaxHeapSize                              = 4253024256                                {product} {ergonomic}
   size_t MinHeapDeltaBytes                        = 2097152                                   {product} {ergonomic}
   size_t MinHeapSize                              = 8388608                                   {product} {ergonomic}
    uintx NonNMethodCodeHeapSize                   = 5839372                                {pd product} {ergonomic}
    uintx NonProfiledCodeHeapSize                  = 122909434                              {pd product} {ergonomic}
    uintx ProfiledCodeHeapSize                     = 122909434                              {pd product} {ergonomic}
    uintx ReservedCodeCacheSize                    = 251658240                              {pd product} {ergonomic}
     bool SegmentedCodeCache                       = true                                      {product} {ergonomic}
   size_t SoftMaxHeapSize                          = 4253024256                             {manageable} {ergonomic}
     bool UseCompressedClassPointers               = true                           {product lp64_product} {ergonomic}
     bool UseCompressedOops                        = true                           {product lp64_product} {ergonomic}
     bool UseG1GC                                  = true                                      {product} {ergonomic}
     bool UseLargePagesIndividualAllocation        = false                                  {pd product} {ergonomic}

Logging:
Log output configuration:
 #0: stdout all=warning uptime,level,tags
 #1: stderr all=off uptime,level,tags

Environment Variables:
PATH=C:\Python313\Scripts\;C:\Python313\;C:\Program Files\Common Files\Oracle\Java\javapath;C:\Windows\system32;C:\Windows;C:\Windows\System32\Wbem;C:\Windows\System32\WindowsPowerShell\v1.0\;C:\Windows\System32\OpenSSH\;C:\Program Files (x86)\NVIDIA Corporation\PhysX\Common;C:\Program Files\NVIDIA Corporation\NVIDIA NvDLISR;C:\WINDOWS\system32;C:\WINDOWS;C:\WINDOWS\System32\Wbem;C:\WINDOWS\System32\WindowsPowerShell\v1.0\;C:\WINDOWS\System32\OpenSSH\;C:\MinGW\bin;C:\Program Files\Git\cmd;C:\Program Files\Git\mingw64\bin;C:\Program Files\Git\usr\bin;C:\Program Files\dotnet\;C:\ProgramData\chocolatey\bin;C:\Program Files\Java\jdk-17\bin;C:\Program Files\PostgreSQL\17\bin;C:\maven\apache-maven-3.9.11\bin;C:\Program Files\nodejs\;C:\Program Files\MongoDB\Server\8.0\bin;C:\Stripe;;C:\Program Files\Docker\Docker\resources\bin;C:\Users\Saurabh Srivastav\scoop\shims;C:\Users\Saurabh Srivastav\AppData\Local\Microsoft\WindowsApps;C:\Users\Saurabh Srivastav\AppData\Local\Programs\Microsoft VS Code\bin;C:\Program Files\JetBrains\IntelliJ IDEA Community Edition 2024.2.3\bin;;C:\Users\Saurabh Srivastav\AppData\Local\Programs\mongosh\;C:\Program Files\JetBrains\IntelliJ IDEA 2024.2.4\bin;;C:\Users\Saurabh Srivastav\AppData\Roaming\npm;C:\Program Files\MongoDB\Server\8.0\bin;C:\Users\Saurabh Srivastav\AppData\Roaming\Python\Python313\Scripts;
USERNAME=Saurabh Srivastav
OS=Windows_NT
PROCESSOR_IDENTIFIER=Intel64 Family 6 Model 165 Stepping 2, GenuineIntel



---------------  S Y S T E M  ---------------

OS:
 Windows 11 , 64 bit Build 26100 (10.0.26100.5074)
OS uptime: 0 days 3:54 hours
Hyper-V role detected

CPU: total 8 (initial active 8) (4 cores per cpu, 2 threads per core) family 6 model 165 stepping 2 microcode 0xe0, cx8, cmov, fxsr, ht, mmx, 3dnowpref, sse, sse2, sse3, ssse3, sse4.1, sse4.2, popcnt, lzcnt, tsc, tscinvbit, avx, avx2, aes, erms, clmul, bmi1, bmi2, adx, fma, vzeroupper, clflush, clflushopt, hv

Memory: 4k page, system-wide physical 16221M (5004M free)
TotalPageFile size 16221M (AvailPageFile size 17M)
current process WorkingSet (physical memory assigned to process): 12M, peak: 12M
current process commit charge ("private bytes"): 315M, peak: 318M

vm_info: Java HotSpot(TM) 64-Bit Server VM (17.0.12+8-LTS-286) for windows-amd64 JRE (17.0.12+8-LTS-286), built on Jun  5 2024 06:46:59 by "mach5one" with MS VC++ 17.6 (VS2022)

END.
