#
# There is insufficient memory for the Java Runtime Environment to continue.
# Native memory allocation (malloc) failed to allocate 1048576 bytes. Error detail: AllocateHeap
# Possible reasons:
#   The system is out of physical RAM or swap space
#   This process is running with CompressedOops enabled, and the Java Heap may be blocking the growth of the native heap
# Possible solutions:
#   Reduce memory load on the system
#   Increase physical memory or swap space
#   Check if swap backing store is full
#   Decrease Java heap size (-Xmx/-Xms)
#   Decrease number of Java threads
#   Decrease Java thread stack sizes (-Xss)
#   Set larger code cache with -XX:ReservedCodeCacheSize=
#   JVM is running with Unscaled Compressed Oops mode in which the Java heap is
#     placed in the first 4GB address space. The Java Heap base address is the
#     maximum limit for the native heap growth. Please use -XX:HeapBaseMinAddress
#     to set the Java Heap base and to place the Java Heap above 4GB virtual address.
# This output file may be truncated or incomplete.
#
#  Out of Memory Error (allocation.cpp:44), pid=19308, tid=8096
#
# JRE version: OpenJDK Runtime Environment JBR-21.0.8+1-1038.68-jcef (21.0.8+1) (build 21.0.8+1-b1038.68)
# Java VM: OpenJDK 64-Bit Server VM JBR-21.0.8+1-1038.68-jcef (21.0.8+1-b1038.68, mixed mode, sharing, tiered, compressed oops, compressed class ptrs, g1 gc, windows-amd64)
# No core dump will be written. Minidumps are not enabled by default on client versions of Windows
#

---------------  S U M M A R Y ------------

Command Line: -Djava.rmi.server.hostname=127.0.0.1 -Duser.timezone=UTC -Xmx2048m -Xms128m -Djdbc.classpath=C:\Users\SAURAB~1\AppData\Local\Temp\RemoteDriver202795.classpath.txt --add-exports=java.desktop/sun.awt=ALL-UNNAMED --add-exports=java.desktop/java.awt.peer=ALL-UNNAMED --add-opens=java.desktop/java.awt=ALL-UNNAMED --add-opens=jdk.unsupported/sun.misc=ALL-UNNAMED --add-opens=java.base/java.nio=ALL-UNNAMED --add-opens=java.base/java.util=ALL-UNNAMED -Dfile.encoding=UTF-8 -Dsun.stdout.encoding=UTF-8 -Dsun.stderr.encoding=UTF-8 com.intellij.database.remote.RemoteJdbcServer org.postgresql.Driver

Host: Intel(R) Core(TM) i5-10300H CPU @ 2.50GHz, 8 cores, 15G,  Windows 11 , 64 bit Build 26100 (10.0.26100.6725)
Time: Sat Oct  4 17:11:00 2025 India Standard Time elapsed time: 3601.030319 seconds (0d 1h 0m 1s)

---------------  T H R E A D  ---------------

Current thread (0x000001813411b4a0):  VMThread "VM Thread"          [id=8096, stack(0x0000006db2000000,0x0000006db2100000) (1024K)]

Stack: [0x0000006db2000000,0x0000006db2100000]
Native frames: (J=compiled Java code, j=interpreted, Vv=VM code, C=native code)
V  [jvm.dll+0x6ebeb9]
V  [jvm.dll+0x8cbec3]
V  [jvm.dll+0x8ce47e]
V  [jvm.dll+0x8ceb63]
V  [jvm.dll+0x28adf6]
V  [jvm.dll+0xc16b7]
V  [jvm.dll+0x357082]
V  [jvm.dll+0x350a1e]
V  [jvm.dll+0x338b79]
V  [jvm.dll+0x37ceaa]
V  [jvm.dll+0x8d48e8]
V  [jvm.dll+0x8d5c64]
V  [jvm.dll+0x8d61a0]
V  [jvm.dll+0x8d6433]
V  [jvm.dll+0x873a78]
V  [jvm.dll+0x6ea63d]
C  [ucrtbase.dll+0x37b0]
C  [KERNEL32.DLL+0x2e8d7]
C  [ntdll.dll+0x8c53c]

VM_Operation (0x0000006db2fff100): G1CollectFull, mode: safepoint, requested by thread 0x0000018134881c80


---------------  P R O C E S S  ---------------

Threads class SMR info:
_java_thread_list=0x000001813474ffb0, length=20, elements={
0x000001811bb6bf10, 0x0000018134132b10, 0x0000018134142f70, 0x0000018134147af0,
0x0000018134148b40, 0x000001813414b9a0, 0x000001813414c400, 0x0000018134154e70,
0x00000181342a1500, 0x00000181341593a0, 0x00000181343f7af0, 0x00000181348ecab0,
0x0000018134880fa0, 0x0000018134881610, 0x0000018134881c80, 0x0000018134a1a780,
0x0000018134a67f80, 0x0000018134b71620, 0x0000018134b6f550, 0x0000018134b6fbe0
}

Java Threads: ( => current thread )
  0x000001811bb6bf10 JavaThread "main"                              [_thread_blocked, id=18192, stack(0x0000006db1900000,0x0000006db1a00000) (1024K)]
  0x0000018134132b10 JavaThread "Common-Cleaner"             daemon [_thread_blocked, id=23696, stack(0x0000006db2100000,0x0000006db2200000) (1024K)]
  0x0000018134142f70 JavaThread "Reference Handler"          daemon [_thread_blocked, id=13336, stack(0x0000006db2200000,0x0000006db2300000) (1024K)]
  0x0000018134147af0 JavaThread "Finalizer"                  daemon [_thread_blocked, id=3596, stack(0x0000006db2300000,0x0000006db2400000) (1024K)]
  0x0000018134148b40 JavaThread "Signal Dispatcher"          daemon [_thread_blocked, id=22300, stack(0x0000006db2400000,0x0000006db2500000) (1024K)]
  0x000001813414b9a0 JavaThread "Attach Listener"            daemon [_thread_blocked, id=20656, stack(0x0000006db2500000,0x0000006db2600000) (1024K)]
  0x000001813414c400 JavaThread "Service Thread"             daemon [_thread_blocked, id=20764, stack(0x0000006db2600000,0x0000006db2700000) (1024K)]
  0x0000018134154e70 JavaThread "Monitor Deflation Thread"   daemon [_thread_blocked, id=24228, stack(0x0000006db2700000,0x0000006db2800000) (1024K)]
  0x00000181342a1500 JavaThread "C2 CompilerThread0"         daemon [_thread_blocked, id=20776, stack(0x0000006db2800000,0x0000006db2900000) (1024K)]
  0x00000181341593a0 JavaThread "C1 CompilerThread0"         daemon [_thread_blocked, id=21656, stack(0x0000006db2900000,0x0000006db2a00000) (1024K)]
  0x00000181343f7af0 JavaThread "Notification Thread"        daemon [_thread_blocked, id=23224, stack(0x0000006db2a00000,0x0000006db2b00000) (1024K)]
  0x00000181348ecab0 JavaThread "RMI TCP Accept-14452"       daemon [_thread_in_native, id=7948, stack(0x0000006db2c00000,0x0000006db2d00000) (1024K)]
  0x0000018134880fa0 JavaThread "RMI TCP Accept-0"           daemon [_thread_in_native, id=3108, stack(0x0000006db2d00000,0x0000006db2e00000) (1024K)]
  0x0000018134881610 JavaThread "RMI Reaper"                        [_thread_blocked, id=24436, stack(0x0000006db2e00000,0x0000006db2f00000) (1024K)]
  0x0000018134881c80 JavaThread "RMI GC Daemon"              daemon [_thread_blocked, id=23708, stack(0x0000006db2f00000,0x0000006db3000000) (1024K)]
  0x0000018134a1a780 JavaThread "RMI TCP Connection(1)-127.0.0.1" daemon [_thread_in_native, id=24380, stack(0x0000006db3000000,0x0000006db3100000) (1024K)]
  0x0000018134a67f80 JavaThread "RMI Scheduler(0)"           daemon [_thread_blocked, id=18480, stack(0x0000006db3200000,0x0000006db3300000) (1024K)]
  0x0000018134b71620 JavaThread "RMI TCP Connection(4)-127.0.0.1" daemon [_thread_in_native, id=1260, stack(0x0000006db3400000,0x0000006db3500000) (1024K)]
  0x0000018134b6f550 JavaThread "RMI RenewClean-[127.0.0.1:50736]" daemon [_thread_blocked, id=21020, stack(0x0000006db3500000,0x0000006db3600000) (1024K)]
  0x0000018134b6fbe0 JavaThread "PostgreSQL-JDBC-Cleaner"    daemon [_thread_blocked, id=23916, stack(0x0000006db3e00000,0x0000006db3f00000) (1024K)]
Total: 20

Other Threads:
=>0x000001813411b4a0 VMThread "VM Thread"                           [id=8096, stack(0x0000006db2000000,0x0000006db2100000) (1024K)]
  0x000001813410b170 WatcherThread "VM Periodic Task Thread"        [id=2616, stack(0x0000006db1f00000,0x0000006db2000000) (1024K)]
  0x000001811bbc5260 WorkerThread "GC Thread#0"                     [id=24320, stack(0x0000006db1a00000,0x0000006db1b00000) (1024K)]
  0x0000018134a7e000 WorkerThread "GC Thread#1"                     [id=4592, stack(0x0000006db3600000,0x0000006db3700000) (1024K)]
  0x0000018134aab780 WorkerThread "GC Thread#2"                     [id=23520, stack(0x0000006db3700000,0x0000006db3800000) (1024K)]
  0x00000181347b71c0 WorkerThread "GC Thread#3"                     [id=14376, stack(0x0000006db3800000,0x0000006db3900000) (1024K)]
  0x0000018134b85fa0 WorkerThread "GC Thread#4"                     [id=16788, stack(0x0000006db3900000,0x0000006db3a00000) (1024K)]
  0x0000018134b971a0 WorkerThread "GC Thread#5"                     [id=13800, stack(0x0000006db3a00000,0x0000006db3b00000) (1024K)]
  0x0000018134b98160 WorkerThread "GC Thread#6"                     [id=21704, stack(0x0000006db3b00000,0x0000006db3c00000) (1024K)]
  0x0000018134b98500 WorkerThread "GC Thread#7"                     [id=22828, stack(0x0000006db3c00000,0x0000006db3d00000) (1024K)]
  0x000001811bc14010 ConcurrentGCThread "G1 Main Marker"            [id=17448, stack(0x0000006db1b00000,0x0000006db1c00000) (1024K)]
  0x000001811bc151c0 WorkerThread "G1 Conc#0"                       [id=18344, stack(0x0000006db1c00000,0x0000006db1d00000) (1024K)]
  0x0000018133fd04e0 ConcurrentGCThread "G1 Refine#0"               [id=14360, stack(0x0000006db1d00000,0x0000006db1e00000) (1024K)]
  0x0000018133fd0e60 ConcurrentGCThread "G1 Service"                [id=18852, stack(0x0000006db1e00000,0x0000006db1f00000) (1024K)]
Total: 14

Threads with active compile tasks:
Total: 0

VM state: at safepoint (normal execution)

VM Mutex/Monitor currently owned by a thread:  ([mutex/lock_event])
[0x00007ffd8b1d7c58] Threads_lock - owner thread: 0x000001813411b4a0
[0x00007ffd8b1d7d58] Heap_lock - owner thread: 0x0000018134881c80

Heap address: 0x0000000080000000, size: 2048 MB, Compressed Oops mode: 32-bit

CDS archive(s) mapped at: [0x0000018135000000-0x0000018136c00000-0x0000018136c00000), size 29360128, SharedBaseAddress: 0x0000018135000000, ArchiveRelocationMode: 1.
Compressed class space mapped at: 0x0000018137000000-0x0000018177000000, reserved size: 1073741824
Narrow klass base: 0x0000018135000000, Narrow klass shift: 0, Narrow klass range: 0x100000000

GC Precious Log:
 CardTable entry size: 512
 Card Set container configuration: InlinePtr #cards 5 size 8 Array Of Cards #cards 12 size 40 Howl #buckets 4 coarsen threshold 1843 Howl Bitmap #cards 512 size 80 coarsen threshold 460 Card regions per heap region 1 cards per card region 2048
 CPUs: 8 total, 8 available
 Memory: 16221M
 Large Page Support: Disabled
 NUMA Support: Disabled
 Compressed Oops: Enabled (32-bit)
 Heap Region Size: 1M
 Heap Min Capacity: 128M
 Heap Initial Capacity: 128M
 Heap Max Capacity: 2G
 Pre-touch: Disabled
 Parallel Workers: 8
 Concurrent Workers: 2
 Concurrent Refinement Workers: 8
 Periodic GC: Disabled

Heap:
 garbage-first heap   total 131072K, used 31809K [0x0000000080000000, 0x0000000100000000)
  region size 1024K, 23 young (23552K), 3 survivors (3072K)
 Metaspace       used 9357K, committed 9792K, reserved 1114112K
  class space    used 1066K, committed 1280K, reserved 1048576K

Heap Regions: E=young(eden), S=young(survivor), O=old, HS=humongous(starts), HC=humongous(continues), CS=collection set, F=free, TAMS=top-at-mark-start, PB=parsable bottom
|   0|0x0000000080000000, 0x0000000080100000, 0x0000000080100000|100%|HS|  |TAMS 0x0000000080000000| PB 0x0000000080000000| Complete 
|   1|0x0000000080100000, 0x0000000080200000, 0x0000000080200000|100%|HC|  |TAMS 0x0000000080100000| PB 0x0000000080100000| Complete 
|   2|0x0000000080200000, 0x0000000080300000, 0x0000000080300000|100%|HS|  |TAMS 0x0000000080200000| PB 0x0000000080200000| Complete 
|   3|0x0000000080300000, 0x0000000080400000, 0x0000000080400000|100%|HS|  |TAMS 0x0000000080300000| PB 0x0000000080300000| Complete 
|   4|0x0000000080400000, 0x0000000080500000, 0x0000000080500000|100%| O|  |TAMS 0x0000000080400000| PB 0x0000000080400000| Untracked 
|   5|0x0000000080500000, 0x0000000080600000, 0x0000000080600000|100%| O|  |TAMS 0x0000000080500000| PB 0x0000000080500000| Untracked 
|   6|0x0000000080600000, 0x0000000080700000, 0x0000000080700000|100%| O|  |TAMS 0x0000000080600000| PB 0x0000000080600000| Untracked 
|   7|0x0000000080700000, 0x0000000080800000, 0x0000000080800000|100%| O|  |TAMS 0x0000000080700000| PB 0x0000000080700000| Untracked 
|   8|0x0000000080800000, 0x0000000080900000, 0x0000000080900000|100%| O|  |TAMS 0x0000000080800000| PB 0x0000000080800000| Untracked 
|   9|0x0000000080900000, 0x0000000080988680, 0x0000000080a00000| 53%| O|  |TAMS 0x0000000080900000| PB 0x0000000080900000| Untracked 
|  10|0x0000000080a00000, 0x0000000080a00000, 0x0000000080b00000|  0%| F|  |TAMS 0x0000000080a00000| PB 0x0000000080a00000| Untracked 
|  11|0x0000000080b00000, 0x0000000080b00000, 0x0000000080c00000|  0%| F|  |TAMS 0x0000000080b00000| PB 0x0000000080b00000| Untracked 
|  12|0x0000000080c00000, 0x0000000080c00000, 0x0000000080d00000|  0%| F|  |TAMS 0x0000000080c00000| PB 0x0000000080c00000| Untracked 
|  13|0x0000000080d00000, 0x0000000080d00000, 0x0000000080e00000|  0%| F|  |TAMS 0x0000000080d00000| PB 0x0000000080d00000| Untracked 
|  14|0x0000000080e00000, 0x0000000080e00000, 0x0000000080f00000|  0%| F|  |TAMS 0x0000000080e00000| PB 0x0000000080e00000| Untracked 
|  15|0x0000000080f00000, 0x0000000080f00000, 0x0000000081000000|  0%| F|  |TAMS 0x0000000080f00000| PB 0x0000000080f00000| Untracked 
|  16|0x0000000081000000, 0x0000000081000000, 0x0000000081100000|  0%| F|  |TAMS 0x0000000081000000| PB 0x0000000081000000| Untracked 
|  17|0x0000000081100000, 0x0000000081100000, 0x0000000081200000|  0%| F|  |TAMS 0x0000000081100000| PB 0x0000000081100000| Untracked 
|  18|0x0000000081200000, 0x0000000081200000, 0x0000000081300000|  0%| F|  |TAMS 0x0000000081200000| PB 0x0000000081200000| Untracked 
|  19|0x0000000081300000, 0x0000000081300000, 0x0000000081400000|  0%| F|  |TAMS 0x0000000081300000| PB 0x0000000081300000| Untracked 
|  20|0x0000000081400000, 0x0000000081400000, 0x0000000081500000|  0%| F|  |TAMS 0x0000000081400000| PB 0x0000000081400000| Untracked 
|  21|0x0000000081500000, 0x0000000081500000, 0x0000000081600000|  0%| F|  |TAMS 0x0000000081500000| PB 0x0000000081500000| Untracked 
|  22|0x0000000081600000, 0x0000000081600000, 0x0000000081700000|  0%| F|  |TAMS 0x0000000081600000| PB 0x0000000081600000| Untracked 
|  23|0x0000000081700000, 0x0000000081700000, 0x0000000081800000|  0%| F|  |TAMS 0x0000000081700000| PB 0x0000000081700000| Untracked 
|  24|0x0000000081800000, 0x0000000081800000, 0x0000000081900000|  0%| F|  |TAMS 0x0000000081800000| PB 0x0000000081800000| Untracked 
|  25|0x0000000081900000, 0x0000000081900000, 0x0000000081a00000|  0%| F|  |TAMS 0x0000000081900000| PB 0x0000000081900000| Untracked 
|  26|0x0000000081a00000, 0x0000000081a00000, 0x0000000081b00000|  0%| F|  |TAMS 0x0000000081a00000| PB 0x0000000081a00000| Untracked 
|  27|0x0000000081b00000, 0x0000000081b00000, 0x0000000081c00000|  0%| F|  |TAMS 0x0000000081b00000| PB 0x0000000081b00000| Untracked 
|  28|0x0000000081c00000, 0x0000000081c00000, 0x0000000081d00000|  0%| F|  |TAMS 0x0000000081c00000| PB 0x0000000081c00000| Untracked 
|  29|0x0000000081d00000, 0x0000000081d00000, 0x0000000081e00000|  0%| F|  |TAMS 0x0000000081d00000| PB 0x0000000081d00000| Untracked 
|  30|0x0000000081e00000, 0x0000000081e00000, 0x0000000081f00000|  0%| F|  |TAMS 0x0000000081e00000| PB 0x0000000081e00000| Untracked 
|  31|0x0000000081f00000, 0x0000000081f00000, 0x0000000082000000|  0%| F|  |TAMS 0x0000000081f00000| PB 0x0000000081f00000| Untracked 
|  32|0x0000000082000000, 0x0000000082000000, 0x0000000082100000|  0%| F|  |TAMS 0x0000000082000000| PB 0x0000000082000000| Untracked 
|  33|0x0000000082100000, 0x0000000082100000, 0x0000000082200000|  0%| F|  |TAMS 0x0000000082100000| PB 0x0000000082100000| Untracked 
|  34|0x0000000082200000, 0x0000000082200000, 0x0000000082300000|  0%| F|  |TAMS 0x0000000082200000| PB 0x0000000082200000| Untracked 
|  35|0x0000000082300000, 0x0000000082300000, 0x0000000082400000|  0%| F|  |TAMS 0x0000000082300000| PB 0x0000000082300000| Untracked 
|  36|0x0000000082400000, 0x0000000082400000, 0x0000000082500000|  0%| F|  |TAMS 0x0000000082400000| PB 0x0000000082400000| Untracked 
|  37|0x0000000082500000, 0x0000000082500000, 0x0000000082600000|  0%| F|  |TAMS 0x0000000082500000| PB 0x0000000082500000| Untracked 
|  38|0x0000000082600000, 0x0000000082600000, 0x0000000082700000|  0%| F|  |TAMS 0x0000000082600000| PB 0x0000000082600000| Untracked 
|  39|0x0000000082700000, 0x0000000082700000, 0x0000000082800000|  0%| F|  |TAMS 0x0000000082700000| PB 0x0000000082700000| Untracked 
|  40|0x0000000082800000, 0x0000000082800000, 0x0000000082900000|  0%| F|  |TAMS 0x0000000082800000| PB 0x0000000082800000| Untracked 
|  41|0x0000000082900000, 0x0000000082900000, 0x0000000082a00000|  0%| F|  |TAMS 0x0000000082900000| PB 0x0000000082900000| Untracked 
|  42|0x0000000082a00000, 0x0000000082a00000, 0x0000000082b00000|  0%| F|  |TAMS 0x0000000082a00000| PB 0x0000000082a00000| Untracked 
|  43|0x0000000082b00000, 0x0000000082b00000, 0x0000000082c00000|  0%| F|  |TAMS 0x0000000082b00000| PB 0x0000000082b00000| Untracked 
|  44|0x0000000082c00000, 0x0000000082c00000, 0x0000000082d00000|  0%| F|  |TAMS 0x0000000082c00000| PB 0x0000000082c00000| Untracked 
|  45|0x0000000082d00000, 0x0000000082d00000, 0x0000000082e00000|  0%| F|  |TAMS 0x0000000082d00000| PB 0x0000000082d00000| Untracked 
|  46|0x0000000082e00000, 0x0000000082e00000, 0x0000000082f00000|  0%| F|  |TAMS 0x0000000082e00000| PB 0x0000000082e00000| Untracked 
|  47|0x0000000082f00000, 0x0000000082f00000, 0x0000000083000000|  0%| F|  |TAMS 0x0000000082f00000| PB 0x0000000082f00000| Untracked 
|  48|0x0000000083000000, 0x0000000083000000, 0x0000000083100000|  0%| F|  |TAMS 0x0000000083000000| PB 0x0000000083000000| Untracked 
|  49|0x0000000083100000, 0x0000000083100000, 0x0000000083200000|  0%| F|  |TAMS 0x0000000083100000| PB 0x0000000083100000| Untracked 
|  50|0x0000000083200000, 0x0000000083200000, 0x0000000083300000|  0%| F|  |TAMS 0x0000000083200000| PB 0x0000000083200000| Untracked 
|  51|0x0000000083300000, 0x0000000083300000, 0x0000000083400000|  0%| F|  |TAMS 0x0000000083300000| PB 0x0000000083300000| Untracked 
|  52|0x0000000083400000, 0x0000000083400000, 0x0000000083500000|  0%| F|  |TAMS 0x0000000083400000| PB 0x0000000083400000| Untracked 
|  53|0x0000000083500000, 0x0000000083500000, 0x0000000083600000|  0%| F|  |TAMS 0x0000000083500000| PB 0x0000000083500000| Untracked 
|  54|0x0000000083600000, 0x0000000083600000, 0x0000000083700000|  0%| F|  |TAMS 0x0000000083600000| PB 0x0000000083600000| Untracked 
|  55|0x0000000083700000, 0x0000000083700000, 0x0000000083800000|  0%| F|  |TAMS 0x0000000083700000| PB 0x0000000083700000| Untracked 
|  56|0x0000000083800000, 0x0000000083800000, 0x0000000083900000|  0%| F|  |TAMS 0x0000000083800000| PB 0x0000000083800000| Untracked 
|  57|0x0000000083900000, 0x0000000083900000, 0x0000000083a00000|  0%| F|  |TAMS 0x0000000083900000| PB 0x0000000083900000| Untracked 
|  58|0x0000000083a00000, 0x0000000083a00000, 0x0000000083b00000|  0%| F|  |TAMS 0x0000000083a00000| PB 0x0000000083a00000| Untracked 
|  59|0x0000000083b00000, 0x0000000083b00000, 0x0000000083c00000|  0%| F|  |TAMS 0x0000000083b00000| PB 0x0000000083b00000| Untracked 
|  60|0x0000000083c00000, 0x0000000083c00000, 0x0000000083d00000|  0%| F|  |TAMS 0x0000000083c00000| PB 0x0000000083c00000| Untracked 
|  61|0x0000000083d00000, 0x0000000083d00000, 0x0000000083e00000|  0%| F|  |TAMS 0x0000000083d00000| PB 0x0000000083d00000| Untracked 
|  62|0x0000000083e00000, 0x0000000083e00000, 0x0000000083f00000|  0%| F|  |TAMS 0x0000000083e00000| PB 0x0000000083e00000| Untracked 
|  63|0x0000000083f00000, 0x0000000083f00000, 0x0000000084000000|  0%| F|  |TAMS 0x0000000083f00000| PB 0x0000000083f00000| Untracked 
|  64|0x0000000084000000, 0x0000000084000000, 0x0000000084100000|  0%| F|  |TAMS 0x0000000084000000| PB 0x0000000084000000| Untracked 
|  65|0x0000000084100000, 0x0000000084100000, 0x0000000084200000|  0%| F|  |TAMS 0x0000000084100000| PB 0x0000000084100000| Untracked 
|  66|0x0000000084200000, 0x0000000084200000, 0x0000000084300000|  0%| F|  |TAMS 0x0000000084200000| PB 0x0000000084200000| Untracked 
|  67|0x0000000084300000, 0x0000000084300000, 0x0000000084400000|  0%| F|  |TAMS 0x0000000084300000| PB 0x0000000084300000| Untracked 
|  68|0x0000000084400000, 0x0000000084400000, 0x0000000084500000|  0%| F|  |TAMS 0x0000000084400000| PB 0x0000000084400000| Untracked 
|  69|0x0000000084500000, 0x0000000084500000, 0x0000000084600000|  0%| F|  |TAMS 0x0000000084500000| PB 0x0000000084500000| Untracked 
|  70|0x0000000084600000, 0x0000000084600000, 0x0000000084700000|  0%| F|  |TAMS 0x0000000084600000| PB 0x0000000084600000| Untracked 
|  71|0x0000000084700000, 0x0000000084700000, 0x0000000084800000|  0%| F|  |TAMS 0x0000000084700000| PB 0x0000000084700000| Untracked 
|  72|0x0000000084800000, 0x0000000084800000, 0x0000000084900000|  0%| F|  |TAMS 0x0000000084800000| PB 0x0000000084800000| Untracked 
|  73|0x0000000084900000, 0x0000000084900000, 0x0000000084a00000|  0%| F|  |TAMS 0x0000000084900000| PB 0x0000000084900000| Untracked 
|  74|0x0000000084a00000, 0x0000000084a00000, 0x0000000084b00000|  0%| F|  |TAMS 0x0000000084a00000| PB 0x0000000084a00000| Untracked 
|  75|0x0000000084b00000, 0x0000000084b00000, 0x0000000084c00000|  0%| F|  |TAMS 0x0000000084b00000| PB 0x0000000084b00000| Untracked 
|  76|0x0000000084c00000, 0x0000000084c00000, 0x0000000084d00000|  0%| F|  |TAMS 0x0000000084c00000| PB 0x0000000084c00000| Untracked 
|  77|0x0000000084d00000, 0x0000000084d00000, 0x0000000084e00000|  0%| F|  |TAMS 0x0000000084d00000| PB 0x0000000084d00000| Untracked 
|  78|0x0000000084e00000, 0x0000000084e00000, 0x0000000084f00000|  0%| F|  |TAMS 0x0000000084e00000| PB 0x0000000084e00000| Untracked 
|  79|0x0000000084f00000, 0x0000000084f00000, 0x0000000085000000|  0%| F|  |TAMS 0x0000000084f00000| PB 0x0000000084f00000| Untracked 
|  80|0x0000000085000000, 0x0000000085000000, 0x0000000085100000|  0%| F|  |TAMS 0x0000000085000000| PB 0x0000000085000000| Untracked 
|  81|0x0000000085100000, 0x0000000085100000, 0x0000000085200000|  0%| F|  |TAMS 0x0000000085100000| PB 0x0000000085100000| Untracked 
|  82|0x0000000085200000, 0x0000000085200000, 0x0000000085300000|  0%| F|  |TAMS 0x0000000085200000| PB 0x0000000085200000| Untracked 
|  83|0x0000000085300000, 0x0000000085300000, 0x0000000085400000|  0%| F|  |TAMS 0x0000000085300000| PB 0x0000000085300000| Untracked 
|  84|0x0000000085400000, 0x0000000085400000, 0x0000000085500000|  0%| F|  |TAMS 0x0000000085400000| PB 0x0000000085400000| Untracked 
|  85|0x0000000085500000, 0x0000000085500000, 0x0000000085600000|  0%| F|  |TAMS 0x0000000085500000| PB 0x0000000085500000| Untracked 
|  86|0x0000000085600000, 0x0000000085600000, 0x0000000085700000|  0%| F|  |TAMS 0x0000000085600000| PB 0x0000000085600000| Untracked 
|  87|0x0000000085700000, 0x0000000085700000, 0x0000000085800000|  0%| F|  |TAMS 0x0000000085700000| PB 0x0000000085700000| Untracked 
|  88|0x0000000085800000, 0x0000000085800000, 0x0000000085900000|  0%| F|  |TAMS 0x0000000085800000| PB 0x0000000085800000| Untracked 
|  89|0x0000000085900000, 0x0000000085900000, 0x0000000085a00000|  0%| F|  |TAMS 0x0000000085900000| PB 0x0000000085900000| Untracked 
|  90|0x0000000085a00000, 0x0000000085a00000, 0x0000000085b00000|  0%| F|  |TAMS 0x0000000085a00000| PB 0x0000000085a00000| Untracked 
|  91|0x0000000085b00000, 0x0000000085b00000, 0x0000000085c00000|  0%| F|  |TAMS 0x0000000085b00000| PB 0x0000000085b00000| Untracked 
|  92|0x0000000085c00000, 0x0000000085c00000, 0x0000000085d00000|  0%| F|  |TAMS 0x0000000085c00000| PB 0x0000000085c00000| Untracked 
|  93|0x0000000085d00000, 0x0000000085d00000, 0x0000000085e00000|  0%| F|  |TAMS 0x0000000085d00000| PB 0x0000000085d00000| Untracked 
|  94|0x0000000085e00000, 0x0000000085e87ee8, 0x0000000085f00000| 53%| S|CS|TAMS 0x0000000085e00000| PB 0x0000000085e00000| Complete 
|  95|0x0000000085f00000, 0x0000000086000000, 0x0000000086000000|100%| S|CS|TAMS 0x0000000085f00000| PB 0x0000000085f00000| Complete 
|  96|0x0000000086000000, 0x0000000086100000, 0x0000000086100000|100%| S|CS|TAMS 0x0000000086000000| PB 0x0000000086000000| Complete 
|  97|0x0000000086100000, 0x0000000086100000, 0x0000000086200000|  0%| F|  |TAMS 0x0000000086100000| PB 0x0000000086100000| Untracked 
|  98|0x0000000086200000, 0x0000000086200000, 0x0000000086300000|  0%| F|  |TAMS 0x0000000086200000| PB 0x0000000086200000| Untracked 
|  99|0x0000000086300000, 0x0000000086300000, 0x0000000086400000|  0%| F|  |TAMS 0x0000000086300000| PB 0x0000000086300000| Untracked 
| 100|0x0000000086400000, 0x0000000086400000, 0x0000000086500000|  0%| F|  |TAMS 0x0000000086400000| PB 0x0000000086400000| Untracked 
| 101|0x0000000086500000, 0x0000000086500000, 0x0000000086600000|  0%| F|  |TAMS 0x0000000086500000| PB 0x0000000086500000| Untracked 
| 102|0x0000000086600000, 0x0000000086600000, 0x0000000086700000|  0%| F|  |TAMS 0x0000000086600000| PB 0x0000000086600000| Untracked 
| 103|0x0000000086700000, 0x0000000086700000, 0x0000000086800000|  0%| F|  |TAMS 0x0000000086700000| PB 0x0000000086700000| Untracked 
| 104|0x0000000086800000, 0x0000000086800000, 0x0000000086900000|  0%| F|  |TAMS 0x0000000086800000| PB 0x0000000086800000| Untracked 
| 105|0x0000000086900000, 0x0000000086900000, 0x0000000086a00000|  0%| F|  |TAMS 0x0000000086900000| PB 0x0000000086900000| Untracked 
| 106|0x0000000086a00000, 0x0000000086a00000, 0x0000000086b00000|  0%| F|  |TAMS 0x0000000086a00000| PB 0x0000000086a00000| Untracked 
| 107|0x0000000086b00000, 0x0000000086b00000, 0x0000000086c00000|  0%| F|  |TAMS 0x0000000086b00000| PB 0x0000000086b00000| Untracked 
| 108|0x0000000086c00000, 0x0000000086d00000, 0x0000000086d00000|100%| E|  |TAMS 0x0000000086c00000| PB 0x0000000086c00000| Complete 
| 109|0x0000000086d00000, 0x0000000086e00000, 0x0000000086e00000|100%| E|CS|TAMS 0x0000000086d00000| PB 0x0000000086d00000| Complete 
| 110|0x0000000086e00000, 0x0000000086f00000, 0x0000000086f00000|100%| E|CS|TAMS 0x0000000086e00000| PB 0x0000000086e00000| Complete 
| 111|0x0000000086f00000, 0x0000000087000000, 0x0000000087000000|100%| E|CS|TAMS 0x0000000086f00000| PB 0x0000000086f00000| Complete 
| 112|0x0000000087000000, 0x0000000087100000, 0x0000000087100000|100%| E|CS|TAMS 0x0000000087000000| PB 0x0000000087000000| Complete 
| 113|0x0000000087100000, 0x0000000087200000, 0x0000000087200000|100%| E|CS|TAMS 0x0000000087100000| PB 0x0000000087100000| Complete 
| 114|0x0000000087200000, 0x0000000087300000, 0x0000000087300000|100%| E|CS|TAMS 0x0000000087200000| PB 0x0000000087200000| Complete 
| 115|0x0000000087300000, 0x0000000087400000, 0x0000000087400000|100%| E|CS|TAMS 0x0000000087300000| PB 0x0000000087300000| Complete 
| 116|0x0000000087400000, 0x0000000087500000, 0x0000000087500000|100%| E|CS|TAMS 0x0000000087400000| PB 0x0000000087400000| Complete 
| 117|0x0000000087500000, 0x0000000087600000, 0x0000000087600000|100%| E|CS|TAMS 0x0000000087500000| PB 0x0000000087500000| Complete 
| 118|0x0000000087600000, 0x0000000087700000, 0x0000000087700000|100%| E|CS|TAMS 0x0000000087600000| PB 0x0000000087600000| Complete 
| 119|0x0000000087700000, 0x0000000087800000, 0x0000000087800000|100%| E|CS|TAMS 0x0000000087700000| PB 0x0000000087700000| Complete 
| 120|0x0000000087800000, 0x0000000087900000, 0x0000000087900000|100%| E|CS|TAMS 0x0000000087800000| PB 0x0000000087800000| Complete 
| 121|0x0000000087900000, 0x0000000087a00000, 0x0000000087a00000|100%| E|CS|TAMS 0x0000000087900000| PB 0x0000000087900000| Complete 
| 122|0x0000000087a00000, 0x0000000087b00000, 0x0000000087b00000|100%| E|CS|TAMS 0x0000000087a00000| PB 0x0000000087a00000| Complete 
| 123|0x0000000087b00000, 0x0000000087c00000, 0x0000000087c00000|100%| E|CS|TAMS 0x0000000087b00000| PB 0x0000000087b00000| Complete 
| 124|0x0000000087c00000, 0x0000000087d00000, 0x0000000087d00000|100%| E|CS|TAMS 0x0000000087c00000| PB 0x0000000087c00000| Complete 
| 125|0x0000000087d00000, 0x0000000087e00000, 0x0000000087e00000|100%| E|CS|TAMS 0x0000000087d00000| PB 0x0000000087d00000| Complete 
| 126|0x0000000087e00000, 0x0000000087f00000, 0x0000000087f00000|100%| E|CS|TAMS 0x0000000087e00000| PB 0x0000000087e00000| Complete 
| 127|0x0000000087f00000, 0x0000000088000000, 0x0000000088000000|100%| E|CS|TAMS 0x0000000087f00000| PB 0x0000000087f00000| Complete 

Card table byte_map: [0x000001812f2e0000,0x000001812f6e0000] _byte_map_base: 0x000001812eee0000

Marking Bits: (CMBitMap*) 0x000001811bbc5870
 Bits: [0x000001812f6e0000, 0x00000181316e0000)

Polling page: 0x0000018119c00000

Metaspace:

Usage:
  Non-class:      8.10 MB used.
      Class:      1.04 MB used.
       Both:      9.14 MB used.

Virtual space:
  Non-class space:       64.00 MB reserved,       8.31 MB ( 13%) committed,  1 nodes.
      Class space:        1.00 GB reserved,       1.25 MB ( <1%) committed,  1 nodes.
             Both:        1.06 GB reserved,       9.56 MB ( <1%) committed. 

Chunk freelists:
   Non-Class:  6.92 MB
       Class:  14.58 MB
        Both:  21.50 MB

MaxMetaspaceSize: unlimited
CompressedClassSpaceSize: 1.00 GB
Initial GC threshold: 21.00 MB
Current GC threshold: 21.00 MB
CDS: on
 - commit_granule_bytes: 65536.
 - commit_granule_words: 8192.
 - virtual_space_node_default_size: 8388608.
 - enlarge_chunks_in_place: 1.
 - use_allocation_guard: 0.


Internal statistics:

num_allocs_failed_limit: 0.
num_arena_births: 514.
num_arena_deaths: 0.
num_vsnodes_births: 2.
num_vsnodes_deaths: 0.
num_space_committed: 153.
num_space_uncommitted: 0.
num_chunks_returned_to_freelist: 0.
num_chunks_taken_from_freelist: 899.
num_chunk_merges: 0.
num_chunk_splits: 555.
num_chunks_enlarged: 264.
num_inconsistent_stats: 0.

CodeHeap 'non-profiled nmethods': size=120000Kb used=1347Kb max_used=1347Kb free=118652Kb
 bounds [0x0000018127680000, 0x00000181278f0000, 0x000001812ebb0000]
CodeHeap 'profiled nmethods': size=120000Kb used=5482Kb max_used=5482Kb free=114518Kb
 bounds [0x000001811fbb0000, 0x0000018120110000, 0x00000181270e0000]
CodeHeap 'non-nmethods': size=5760Kb used=1444Kb max_used=1531Kb free=4315Kb
 bounds [0x00000181270e0000, 0x0000018127350000, 0x0000018127680000]
CodeCache: size=245760Kb, used=8273Kb, max_used=8360Kb, free=237485Kb
 total_blobs=3322, nmethods=2791, adapters=435, full_count=0
Compilation: enabled, stopped_count=0, restarted_count=0

Compilation events (20 events):
Event: 3163.591 Thread 0x00000181342a1500 2782       4       java.util.concurrent.ScheduledThreadPoolExecutor$ScheduledFutureTask::compareTo (101 bytes)
Event: 3163.593 Thread 0x00000181342a1500 nmethod 2782 0x00000181277c1110 code [0x00000181277c12a0, 0x00000181277c13e8]
Event: 3182.147 Thread 0x00000181342a1500 2783       4       jdk.internal.misc.Unsafe::putReferenceOpaque (9 bytes)
Event: 3182.148 Thread 0x00000181342a1500 nmethod 2783 0x00000181277c1510 code [0x00000181277c16a0, 0x00000181277c1818]
Event: 3187.689 Thread 0x00000181342a1500 2784       4       java.io.ObjectOutputStream::writeClassDesc (60 bytes)
Event: 3188.122 Thread 0x00000181342a1500 nmethod 2784 0x00000181277c1890 code [0x00000181277c2260, 0x00000181277ca460]
Event: 3214.719 Thread 0x00000181342a1500 2785       4       java.io.ObjectOutputStream::writeShort (9 bytes)
Event: 3214.720 Thread 0x00000181342a1500 nmethod 2785 0x00000181277cfc10 code [0x00000181277cfda0, 0x00000181277cff08]
Event: 3301.039 Thread 0x00000181341593a0 2786       3       java.lang.StringLatin1::toChars (16 bytes)
Event: 3301.039 Thread 0x00000181341593a0 nmethod 2786 0x0000018120106a90 code [0x0000018120106c40, 0x0000018120106e20]
Event: 3301.041 Thread 0x00000181341593a0 2787   !   3       java.io.ObjectOutputStream::writeArray (589 bytes)
Event: 3301.042 Thread 0x00000181341593a0 nmethod 2787 0x0000018120106f10 code [0x0000018120107360, 0x0000018120108c00]
Event: 3439.915 Thread 0x00000181342a1500 2788       4       java.io.ObjectInputStream$HandleTable::assign (48 bytes)
Event: 3439.917 Thread 0x00000181342a1500 nmethod 2788 0x00000181277d0110 code [0x00000181277d02c0, 0x00000181277d0590]
Event: 3439.917 Thread 0x00000181342a1500 2789       4       java.io.ObjectInputStream$HandleTable::finish (111 bytes)
Event: 3439.920 Thread 0x00000181342a1500 nmethod 2789 0x00000181277d0710 code [0x00000181277d08a0, 0x00000181277d0ab0]
Event: 3448.918 Thread 0x00000181341593a0 2790       3       java.lang.invoke.LambdaForm$MH/0x000001813712a400::invoke (60 bytes)
Event: 3448.919 Thread 0x00000181341593a0 nmethod 2790 0x0000018120109590 code [0x0000018120109820, 0x000001812010a458]
Event: 3493.933 Thread 0x00000181342a1500 2791       4       java.util.HashMap::afterNodeRemoval (1 bytes)
Event: 3493.933 Thread 0x00000181342a1500 nmethod 2791 0x00000181277d0c10 code [0x00000181277d0da0, 0x00000181277d0e28]

GC Heap History (5 events):
Event: 1.108 GC heap before
{Heap before GC invocations=0 (full 0):
 garbage-first heap   total 131072K, used 26624K [0x0000000080000000, 0x0000000100000000)
  region size 1024K, 23 young (23552K), 0 survivors (0K)
 Metaspace       used 5262K, committed 5632K, reserved 1114112K
  class space    used 726K, committed 896K, reserved 1048576K
}
Event: 1.115 GC heap after
{Heap after GC invocations=1 (full 0):
 garbage-first heap   total 131072K, used 9536K [0x0000000080000000, 0x0000000100000000)
  region size 1024K, 3 young (3072K), 3 survivors (3072K)
 Metaspace       used 5262K, committed 5632K, reserved 1114112K
  class space    used 726K, committed 896K, reserved 1048576K
}
Event: 91.922 GC heap before
{Heap before GC invocations=1 (full 0):
 garbage-first heap   total 131072K, used 38208K [0x0000000080000000, 0x0000000100000000)
  region size 1024K, 31 young (31744K), 3 survivors (3072K)
 Metaspace       used 9139K, committed 9600K, reserved 1114112K
  class space    used 1061K, committed 1280K, reserved 1048576K
}
Event: 91.928 GC heap after
{Heap after GC invocations=2 (full 0):
 garbage-first heap   total 131072K, used 12353K [0x0000000080000000, 0x0000000100000000)
  region size 1024K, 3 young (3072K), 3 survivors (3072K)
 Metaspace       used 9139K, committed 9600K, reserved 1114112K
  class space    used 1061K, committed 1280K, reserved 1048576K
}
Event: 3600.013 GC heap before
{Heap before GC invocations=2 (full 0):
 garbage-first heap   total 131072K, used 31809K [0x0000000080000000, 0x0000000100000000)
  region size 1024K, 23 young (23552K), 3 survivors (3072K)
 Metaspace       used 9357K, committed 9792K, reserved 1114112K
  class space    used 1066K, committed 1280K, reserved 1048576K
}

Dll operation events (2 events):
Event: 0.010 Loaded shared library C:\Program Files\JetBrains\IntelliJ IDEA 2025.2.1\jbr\bin\java.dll
Event: 0.158 Loaded shared library C:\Program Files\JetBrains\IntelliJ IDEA 2025.2.1\jbr\bin\zip.dll

Deoptimization events (20 events):
Event: 5.015 Thread 0x0000018134b71620 Uncommon trap: trap_request=0xffffffde fr.pc=0x0000018127700d14 relative=0x0000000000000334
Event: 5.015 Thread 0x0000018134b71620 Uncommon trap: reason=class_check action=maybe_recompile pc=0x0000018127700d14 method=java.util.regex.Pattern$BmpCharPropertyGreedy.match(Ljava/util/regex/Matcher;ILjava/lang/CharSequence;)Z @ 26 c2
Event: 5.015 Thread 0x0000018134b71620 DEOPT PACKING pc=0x0000018127700d14 sp=0x0000006db34fdfe0
Event: 5.015 Thread 0x0000018134b71620 DEOPT UNPACKING pc=0x00000181271346a2 sp=0x0000006db34fdf98 mode 2
Event: 11.669 Thread 0x0000018134b71620 Uncommon trap: trap_request=0xffffff45 fr.pc=0x00000181277110c4 relative=0x0000000000000b64
Event: 11.669 Thread 0x0000018134b71620 Uncommon trap: reason=unstable_if action=reinterpret pc=0x00000181277110c4 method=sun.security.provider.SHA2.implReset()V @ 8 c2
Event: 11.669 Thread 0x0000018134b71620 DEOPT PACKING pc=0x00000181277110c4 sp=0x0000006db34fda80
Event: 11.669 Thread 0x0000018134b71620 DEOPT UNPACKING pc=0x00000181271346a2 sp=0x0000006db34fd998 mode 2
Event: 300.960 Thread 0x0000018134b6f550 Uncommon trap: trap_request=0xffffff45 fr.pc=0x000001812777ce34 relative=0x00000000000003b4
Event: 300.960 Thread 0x0000018134b6f550 Uncommon trap: reason=unstable_if action=reinterpret pc=0x000001812777ce34 method=java.lang.ThreadLocal.get(Ljava/lang/Thread;)Ljava/lang/Object; @ 7 c2
Event: 300.960 Thread 0x0000018134b6f550 DEOPT PACKING pc=0x000001812777ce34 sp=0x0000006db35feba0
Event: 300.960 Thread 0x0000018134b6f550 DEOPT UNPACKING pc=0x00000181271346a2 sp=0x0000006db35fe9d0 mode 2
Event: 373.936 Thread 0x0000018134b71620 Uncommon trap: trap_request=0xffffffc6 fr.pc=0x0000018127744b38 relative=0x0000000000000bb8
Event: 373.936 Thread 0x0000018134b71620 Uncommon trap: reason=bimorphic_or_optimized_type_check action=maybe_recompile pc=0x0000018127744b38 method=java.util.HashMap.putVal(ILjava/lang/Object;Ljava/lang/Object;ZZ)Ljava/lang/Object; @ 152 c2
Event: 373.936 Thread 0x0000018134b71620 DEOPT PACKING pc=0x0000018127744b38 sp=0x0000006db34fe2d0
Event: 373.936 Thread 0x0000018134b71620 DEOPT UNPACKING pc=0x00000181271346a2 sp=0x0000006db34fe260 mode 2
Event: 373.936 Thread 0x0000018134b71620 Uncommon trap: trap_request=0xffffffc6 fr.pc=0x0000018127744b38 relative=0x0000000000000bb8
Event: 373.936 Thread 0x0000018134b71620 Uncommon trap: reason=bimorphic_or_optimized_type_check action=maybe_recompile pc=0x0000018127744b38 method=java.util.HashMap.putVal(ILjava/lang/Object;Ljava/lang/Object;ZZ)Ljava/lang/Object; @ 152 c2
Event: 373.936 Thread 0x0000018134b71620 DEOPT PACKING pc=0x0000018127744b38 sp=0x0000006db34fe2d0
Event: 373.936 Thread 0x0000018134b71620 DEOPT UNPACKING pc=0x00000181271346a2 sp=0x0000006db34fe260 mode 2

Classes loaded (20 events):
Event: 1.253 Loading class com/sun/crypto/provider/PBKDF2Core done
Event: 1.253 Loading class com/sun/crypto/provider/PBKDF2Core$HmacSHA256 done
Event: 1.253 Loading class javax/crypto/spec/PBEKeySpec
Event: 1.253 Loading class javax/crypto/spec/PBEKeySpec done
Event: 1.253 Loading class com/sun/crypto/provider/PBKDF2KeyImpl
Event: 1.253 Loading class javax/crypto/interfaces/PBEKey
Event: 1.253 Loading class javax/crypto/interfaces/PBEKey done
Event: 1.253 Loading class com/sun/crypto/provider/PBKDF2KeyImpl done
Event: 1.254 Loading class com/sun/crypto/provider/PBKDF2KeyImpl$1
Event: 1.254 Loading class com/sun/crypto/provider/PBKDF2KeyImpl$1 done
Event: 1.342 Loading class java/util/SimpleTimeZone
Event: 1.343 Loading class java/util/SimpleTimeZone done
Event: 1.344 Loading class java/time/LocalDateTime$1
Event: 1.344 Loading class java/time/LocalDateTime$1 done
Event: 1.344 Loading class java/time/chrono/IsoEra
Event: 1.344 Loading class java/time/chrono/Era
Event: 1.344 Loading class java/time/chrono/Era done
Event: 1.345 Loading class java/time/chrono/IsoEra done
Event: 1.555 Loading class java/lang/invoke/BoundMethodHandle$Species_LI
Event: 1.555 Loading class java/lang/invoke/BoundMethodHandle$Species_LI done

Classes unloaded (0 events):
No events

Classes redefined (0 events):
No events

Internal exceptions (20 events):
Event: 1.093 Thread 0x0000018134b71620 Exception <a 'java/lang/NoSuchMethodError'{0x0000000086940a38}: method resolution failed> (0x0000000086940a38) 
thrown [s\src\hotspot\share\prims\methodHandles.cpp, line 1144]
Event: 1.095 Thread 0x0000018134b71620 Exception <a 'java/lang/NoSuchMethodError'{0x000000008694a970}: 'java.lang.Object java.lang.invoke.Invokers$Holder.invokeExact_MT(java.lang.Object, java.lang.Object, java.lang.Object, java.lang.Object, java.lang.Object)'> (0x000000008694a970) 
thrown [s\src\hotspot\share\interpreter\linkResolver.cpp, line 784]
Event: 1.105 Thread 0x0000018134b71620 Exception <a 'java/lang/NoSuchMethodError'{0x00000000869c29b0}: 'java.lang.Object java.lang.invoke.DirectMethodHandle$Holder.invokeVirtual(java.lang.Object, java.lang.Object, java.lang.Object, java.lang.Object)'> (0x00000000869c29b0) 
thrown [s\src\hotspot\share\interpreter\linkResolver.cpp, line 784]
Event: 1.106 Thread 0x0000018134b71620 Exception <a 'java/lang/NoSuchMethodError'{0x00000000869ca4c0}: 'void java.lang.invoke.DirectMethodHandle$Holder.invokeStatic(java.lang.Object, java.lang.Object, java.lang.Object, java.lang.Object)'> (0x00000000869ca4c0) 
thrown [s\src\hotspot\share\interpreter\linkResolver.cpp, line 784]
Event: 1.124 Thread 0x0000018134b71620 Exception <a 'java/lang/IncompatibleClassChangeError'{0x0000000087fac6a8}: Found class java.lang.Object, but interface was expected> (0x0000000087fac6a8) 
thrown [s\src\hotspot\share\interpreter\linkResolver.cpp, line 851]
Event: 1.248 Thread 0x0000018134b71620 Exception <a 'sun/nio/fs/WindowsException'{0x0000000087bb9310}> (0x0000000087bb9310) 
thrown [s\src\hotspot\share\prims\jni.cpp, line 537]
Event: 1.384 Thread 0x0000018134b71620 Exception <a 'java/lang/NoSuchMethodError'{0x00000000878dc5f0}: 'java.lang.Object java.lang.invoke.DirectMethodHandle$Holder.newInvokeSpecial(java.lang.Object, java.lang.Object, int)'> (0x00000000878dc5f0) 
thrown [s\src\hotspot\share\interpreter\linkResolver.cpp, line 784]
Event: 1.433 Thread 0x0000018134b71620 Exception <a 'java/lang/NoSuchMethodError'{0x0000000087657aa8}: 'void java.lang.invoke.DirectMethodHandle$Holder.invokeInterface(java.lang.Object, java.lang.Object, java.lang.Object, java.lang.Object)'> (0x0000000087657aa8) 
thrown [s\src\hotspot\share\interpreter\linkResolver.cpp, line 784]
Event: 1.433 Thread 0x0000018134b71620 Exception <a 'java/lang/NoSuchMethodError'{0x000000008765b708}: 'void java.lang.invoke.DirectMethodHandle$Holder.invokeSpecial(java.lang.Object, java.lang.Object, java.lang.Object, java.lang.Object, java.lang.Object)'> (0x000000008765b708) 
thrown [s\src\hotspot\share\interpreter\linkResolver.cpp, line 784]
Event: 1.554 Thread 0x0000018134b71620 Exception <a 'java/lang/NoSuchMethodError'{0x00000000875f4a68}: 'int java.lang.invoke.DirectMethodHandle$Holder.invokeInterface(java.lang.Object, java.lang.Object, int)'> (0x00000000875f4a68) 
thrown [s\src\hotspot\share\interpreter\linkResolver.cpp, line 784]
Event: 1.555 Thread 0x0000018134b71620 Exception <a 'java/lang/NoSuchMethodError'{0x00000000875f8eb8}: 'int java.lang.invoke.DirectMethodHandle$Holder.invokeSpecial(java.lang.Object, java.lang.Object, java.lang.Object, int)'> (0x00000000875f8eb8) 
thrown [s\src\hotspot\share\interpreter\linkResolver.cpp, line 784]
Event: 1.556 Thread 0x0000018134b71620 Exception <a 'java/lang/NoSuchMethodError'{0x000000008740b3c8}: 'java.lang.Object java.lang.invoke.DirectMethodHandle$Holder.invokeStatic(java.lang.Object, java.lang.Object, java.lang.Object, java.lang.Object, int)'> (0x000000008740b3c8) 
thrown [s\src\hotspot\share\interpreter\linkResolver.cpp, line 784]
Event: 1.569 Thread 0x0000018134b71620 Exception <a 'java/lang/NoSuchMethodError'{0x0000000087436408}: 'void java.lang.invoke.DirectMethodHandle$Holder.invokeInterface(java.lang.Object, java.lang.Object, int)'> (0x0000000087436408) 
thrown [s\src\hotspot\share\interpreter\linkResolver.cpp, line 784]
Event: 1.570 Thread 0x0000018134b71620 Exception <a 'java/lang/NoSuchMethodError'{0x000000008743a290}: 'void java.lang.invoke.DelegatingMethodHandle$Holder.reinvoke_L(java.lang.Object, java.lang.Object, int)'> (0x000000008743a290) 
thrown [s\src\hotspot\share\interpreter\linkResolver.cpp, line 784]
Event: 1.692 Thread 0x0000018134b71620 Exception <a 'java/lang/NoSuchMethodError'{0x0000000087238508}: 'java.lang.Object java.lang.invoke.DirectMethodHandle$Holder.invokeInterface(java.lang.Object, java.lang.Object, int)'> (0x0000000087238508) 
thrown [s\src\hotspot\share\interpreter\linkResolver.cpp, line 784]
Event: 1.703 Thread 0x0000018134b71620 Exception <a 'java/lang/NoSuchMethodError'{0x0000000087285ca8}: static [Ljava/lang/Object;.<clinit>()V> (0x0000000087285ca8) 
thrown [s\src\hotspot\share\prims\jni.cpp, line 1144]
Event: 1.768 Thread 0x0000018134b71620 Exception <a 'java/lang/NoSuchMethodError'{0x00000000872dda68}: 'int java.lang.invoke.DirectMethodHandle$Holder.invokeInterface(java.lang.Object, java.lang.Object, int, int)'> (0x00000000872dda68) 
thrown [s\src\hotspot\share\interpreter\linkResolver.cpp, line 784]
Event: 1.773 Thread 0x0000018134b71620 Exception <a 'java/lang/NoSuchMethodError'{0x00000000871071b8}: static Lcom/intellij/database/remote/jdbc/RemoteResultSet$DataRetrievingOptions;.<clinit>()V> (0x00000000871071b8) 
thrown [s\src\hotspot\share\prims\jni.cpp, line 1144]
Event: 11.669 Thread 0x0000018134b71620 Implicit null exception at 0x0000018127710648 to 0x00000181277110a0
Event: 300.960 Thread 0x0000018134b6f550 Implicit null exception at 0x000001812777cac2 to 0x000001812777ce18

ZGC Phase Switch (0 events):
No events

VM Operations (20 events):
Event: 880.401 Executing VM operation: Cleanup done
Event: 931.817 Executing VM operation: Cleanup
Event: 931.817 Executing VM operation: Cleanup done
Event: 940.897 Executing VM operation: Cleanup
Event: 940.897 Executing VM operation: Cleanup done
Event: 976.192 Executing VM operation: Cleanup
Event: 976.192 Executing VM operation: Cleanup done
Event: 1200.993 Executing VM operation: Cleanup
Event: 1200.993 Executing VM operation: Cleanup done
Event: 1208.054 Executing VM operation: Cleanup
Event: 1208.054 Executing VM operation: Cleanup done
Event: 1900.773 Executing VM operation: Cleanup
Event: 1900.773 Executing VM operation: Cleanup done
Event: 3224.070 Executing VM operation: Cleanup
Event: 3224.070 Executing VM operation: Cleanup done
Event: 3301.675 Executing VM operation: Cleanup
Event: 3301.675 Executing VM operation: Cleanup done
Event: 3503.310 Executing VM operation: Cleanup
Event: 3503.311 Executing VM operation: Cleanup done
Event: 3600.013 Executing VM operation: G1CollectFull (System.gc())

Memory protections (0 events):
No events

Nmethod flushes (0 events):
No events

Events (20 events):
Event: 469.361 Thread 0x0000018134b71620 Thread added: 0x0000018134b70270
Event: 469.361 Thread 0x0000018134b71620 Thread added: 0x0000018134b71cb0
Event: 469.361 Thread 0x0000018134b71620 Thread added: 0x0000018134b70900
Event: 469.361 Thread 0x0000018134b71620 Thread added: 0x0000018134d5c8b0
Event: 469.362 Thread 0x0000018134b729d0 Thread exited: 0x0000018134b729d0
Event: 469.362 Thread 0x0000018134b70270 Thread exited: 0x0000018134b70270
Event: 469.363 Thread 0x0000018134d5c8b0 Thread exited: 0x0000018134d5c8b0
Event: 469.371 Thread 0x0000018134b71cb0 Thread exited: 0x0000018134b71cb0
Event: 469.371 Thread 0x0000018134b70900 Thread exited: 0x0000018134b70900
Event: 495.933 Thread 0x0000018134b70f90 Thread exited: 0x0000018134b70f90
Event: 514.694 Thread 0x0000018134b71620 Thread added: 0x0000018134b71cb0
Event: 514.694 Thread 0x0000018134b71620 Thread added: 0x0000018134b729d0
Event: 514.694 Thread 0x0000018134b71620 Thread added: 0x0000018134b70270
Event: 514.694 Thread 0x0000018134b71620 Thread added: 0x0000018134b70900
Event: 514.694 Thread 0x0000018134b71620 Thread added: 0x0000018134b70f90
Event: 514.700 Thread 0x0000018134b71cb0 Thread exited: 0x0000018134b71cb0
Event: 514.701 Thread 0x0000018134b70900 Thread exited: 0x0000018134b70900
Event: 514.701 Thread 0x0000018134b70f90 Thread exited: 0x0000018134b70f90
Event: 514.740 Thread 0x0000018134b729d0 Thread exited: 0x0000018134b729d0
Event: 514.745 Thread 0x0000018134b70270 Thread exited: 0x0000018134b70270


Dynamic libraries:
0x00007ff6832a0000 - 0x00007ff6832aa000 	C:\Program Files\JetBrains\IntelliJ IDEA 2025.2.1\jbr\bin\java.exe
0x00007ffe296c0000 - 0x00007ffe29928000 	C:\WINDOWS\SYSTEM32\ntdll.dll
0x00007ffe28d90000 - 0x00007ffe28e59000 	C:\WINDOWS\System32\KERNEL32.DLL
0x00007ffe26c70000 - 0x00007ffe27062000 	C:\WINDOWS\System32\KERNELBASE.dll
0x00007ffe27310000 - 0x00007ffe2745b000 	C:\WINDOWS\System32\ucrtbase.dll
0x00007ffdf07b0000 - 0x00007ffdf07c8000 	C:\Program Files\JetBrains\IntelliJ IDEA 2025.2.1\jbr\bin\jli.dll
0x00007ffe234c0000 - 0x00007ffe234db000 	C:\Program Files\JetBrains\IntelliJ IDEA 2025.2.1\jbr\bin\VCRUNTIME140.dll
0x00007ffe28f90000 - 0x00007ffe29155000 	C:\WINDOWS\System32\USER32.dll
0x00007ffe0e3c0000 - 0x00007ffe0e653000 	C:\WINDOWS\WinSxS\amd64_microsoft.windows.common-controls_6595b64144ccf1df_6.0.26100.6725_none_3e085828e334708b\COMCTL32.dll
0x00007ffe27460000 - 0x00007ffe27487000 	C:\WINDOWS\System32\win32u.dll
0x00007ffe28650000 - 0x00007ffe286f9000 	C:\WINDOWS\System32\msvcrt.dll
0x00007ffe28700000 - 0x00007ffe2872b000 	C:\WINDOWS\System32\GDI32.dll
0x00007ffe27120000 - 0x00007ffe2724d000 	C:\WINDOWS\System32\gdi32full.dll
0x00007ffe27070000 - 0x00007ffe27113000 	C:\WINDOWS\System32\msvcp_win.dll
0x00007ffe28e60000 - 0x00007ffe28e8f000 	C:\WINDOWS\System32\IMM32.DLL
0x00007ffe234b0000 - 0x00007ffe234bc000 	C:\Program Files\JetBrains\IntelliJ IDEA 2025.2.1\jbr\bin\vcruntime140_1.dll
0x00007ffdcc8d0000 - 0x00007ffdcc95d000 	C:\Program Files\JetBrains\IntelliJ IDEA 2025.2.1\jbr\bin\msvcp140.dll
0x00007ffd8a500000 - 0x00007ffd8b2cb000 	C:\Program Files\JetBrains\IntelliJ IDEA 2025.2.1\jbr\bin\server\jvm.dll
0x00007ffe292d0000 - 0x00007ffe29384000 	C:\WINDOWS\System32\ADVAPI32.dll
0x00007ffe28c70000 - 0x00007ffe28d16000 	C:\WINDOWS\System32\sechost.dll
0x00007ffe28530000 - 0x00007ffe28648000 	C:\WINDOWS\System32\RPCRT4.dll
0x00007ffe29470000 - 0x00007ffe294e4000 	C:\WINDOWS\System32\WS2_32.dll
0x00007ffe266b0000 - 0x00007ffe2670e000 	C:\WINDOWS\SYSTEM32\POWRPROF.dll
0x00007ffe17c10000 - 0x00007ffe17c1b000 	C:\WINDOWS\SYSTEM32\VERSION.dll
0x00007ffe11180000 - 0x00007ffe111b5000 	C:\WINDOWS\SYSTEM32\WINMM.dll
0x00007ffe26690000 - 0x00007ffe266a4000 	C:\WINDOWS\SYSTEM32\UMPDC.dll
0x00007ffe25620000 - 0x00007ffe2563b000 	C:\WINDOWS\SYSTEM32\kernel.appcore.dll
0x00007ffe234a0000 - 0x00007ffe234aa000 	C:\Program Files\JetBrains\IntelliJ IDEA 2025.2.1\jbr\bin\jimage.dll
0x00007ffe23f90000 - 0x00007ffe241d2000 	C:\WINDOWS\SYSTEM32\DBGHELP.DLL
0x00007ffe287f0000 - 0x00007ffe28b6b000 	C:\WINDOWS\System32\combase.dll
0x00007ffe29390000 - 0x00007ffe29467000 	C:\WINDOWS\System32\OLEAUT32.dll
0x00007ffe081c0000 - 0x00007ffe081fc000 	C:\WINDOWS\SYSTEM32\dbgcore.DLL
0x00007ffe26b40000 - 0x00007ffe26bd8000 	C:\WINDOWS\System32\bcryptPrimitives.dll
0x00007ffe1d1b0000 - 0x00007ffe1d1d0000 	C:\Program Files\JetBrains\IntelliJ IDEA 2025.2.1\jbr\bin\java.dll
0x00007ffe27720000 - 0x00007ffe27e6c000 	C:\WINDOWS\System32\SHELL32.dll
0x00007ffe26850000 - 0x00007ffe269bb000 	C:\WINDOWS\System32\wintypes.dll
0x00007ffe24490000 - 0x00007ffe24ced000 	C:\WINDOWS\SYSTEM32\windows.storage.dll
0x00007ffe29580000 - 0x00007ffe29672000 	C:\WINDOWS\System32\SHCORE.dll
0x00007ffe28d20000 - 0x00007ffe28d82000 	C:\WINDOWS\System32\shlwapi.dll
0x00007ffe26770000 - 0x00007ffe26799000 	C:\WINDOWS\SYSTEM32\profapi.dll
0x00007ffe1d180000 - 0x00007ffe1d190000 	C:\Program Files\JetBrains\IntelliJ IDEA 2025.2.1\jbr\bin\net.dll
0x00007ffe1d3c0000 - 0x00007ffe1d4df000 	C:\WINDOWS\SYSTEM32\WINHTTP.dll
0x00007ffe25b90000 - 0x00007ffe25bfb000 	C:\WINDOWS\system32\mswsock.dll
0x00007ffe1d050000 - 0x00007ffe1d066000 	C:\Program Files\JetBrains\IntelliJ IDEA 2025.2.1\jbr\bin\nio.dll
0x00007ffe1d070000 - 0x00007ffe1d088000 	C:\Program Files\JetBrains\IntelliJ IDEA 2025.2.1\jbr\bin\zip.dll
0x00007ffe250a0000 - 0x00007ffe250d4000 	C:\WINDOWS\SYSTEM32\IPHLPAPI.DLL
0x00007ffe287e0000 - 0x00007ffe287ea000 	C:\WINDOWS\System32\NSI.dll
0x00007ffe25e50000 - 0x00007ffe25e6b000 	C:\WINDOWS\SYSTEM32\CRYPTSP.dll
0x00007ffe25560000 - 0x00007ffe2559b000 	C:\WINDOWS\system32\rsaenh.dll
0x00007ffe25c30000 - 0x00007ffe25c5b000 	C:\WINDOWS\SYSTEM32\USERENV.dll
0x00007ffe26740000 - 0x00007ffe26766000 	C:\WINDOWS\SYSTEM32\bcrypt.dll
0x00007ffe25e40000 - 0x00007ffe25e4c000 	C:\WINDOWS\SYSTEM32\CRYPTBASE.dll
0x00007ffe182e0000 - 0x00007ffe182e9000 	C:\Program Files\JetBrains\IntelliJ IDEA 2025.2.1\jbr\bin\extnet.dll
0x00007ffdf2f00000 - 0x00007ffdf2f07000 	C:\Program Files\JetBrains\IntelliJ IDEA 2025.2.1\jbr\bin\rmi.dll
0x00007ffe250e0000 - 0x00007ffe25206000 	C:\WINDOWS\SYSTEM32\DNSAPI.dll
0x00007ffe183e0000 - 0x00007ffe183eb000 	C:\Windows\System32\rasadhlp.dll
0x00007ffe17dc0000 - 0x00007ffe17e46000 	C:\WINDOWS\System32\fwpuclnt.dll
0x00007ffe182d0000 - 0x00007ffe182d9000 	C:\Program Files\JetBrains\IntelliJ IDEA 2025.2.1\jbr\bin\management.dll
0x00007ffe180e0000 - 0x00007ffe180eb000 	C:\Program Files\JetBrains\IntelliJ IDEA 2025.2.1\jbr\bin\management_ext.dll
0x00007ffe292c0000 - 0x00007ffe292c8000 	C:\WINDOWS\System32\PSAPI.DLL
0x00007ffe1cd60000 - 0x00007ffe1cd6e000 	C:\Program Files\JetBrains\IntelliJ IDEA 2025.2.1\jbr\bin\sunmscapi.dll
0x00007ffe269c0000 - 0x00007ffe26b37000 	C:\WINDOWS\System32\CRYPT32.dll
0x00007ffe26060000 - 0x00007ffe26090000 	C:\WINDOWS\SYSTEM32\ncrypt.dll
0x00007ffe26010000 - 0x00007ffe2604f000 	C:\WINDOWS\SYSTEM32\NTASN1.dll

JVMTI agents: none

dbghelp: loaded successfully - version: 4.0.5 - missing functions: none
symbol engine: initialized successfully - sym options: 0x614 - pdb path: .;C:\Program Files\JetBrains\IntelliJ IDEA 2025.2.1\jbr\bin;C:\WINDOWS\SYSTEM32;C:\WINDOWS\WinSxS\amd64_microsoft.windows.common-controls_6595b64144ccf1df_6.0.26100.6725_none_3e085828e334708b;C:\Program Files\JetBrains\IntelliJ IDEA 2025.2.1\jbr\bin\server

VM Arguments:
jvm_args: -Djava.rmi.server.hostname=127.0.0.1 -Duser.timezone=UTC -Xmx2048m -Xms128m -Djdbc.classpath=C:\Users\SAURAB~1\AppData\Local\Temp\RemoteDriver202795.classpath.txt --add-exports=java.desktop/sun.awt=ALL-UNNAMED --add-exports=java.desktop/java.awt.peer=ALL-UNNAMED --add-opens=java.desktop/java.awt=ALL-UNNAMED --add-opens=jdk.unsupported/sun.misc=ALL-UNNAMED --add-opens=java.base/java.nio=ALL-UNNAMED --add-opens=java.base/java.util=ALL-UNNAMED -Dfile.encoding=UTF-8 -Dsun.stdout.encoding=UTF-8 -Dsun.stderr.encoding=UTF-8 
java_command: com.intellij.database.remote.RemoteJdbcServer org.postgresql.Driver
java_class_path (initial): C:\Program Files\JetBrains\IntelliJ IDEA 2025.2.1\lib\util_rt.jar;C:\Program Files\JetBrains\IntelliJ IDEA 2025.2.1\lib\util-8.jar;C:\Program Files\JetBrains\IntelliJ IDEA 2025.2.1\lib\groovy.jar;C:\Program Files\JetBrains\IntelliJ IDEA 2025.2.1\plugins\DatabaseTools\lib\jdbc-console.jar;C:\Program Files\JetBrains\IntelliJ IDEA 2025.2.1\lib\modules\intellij.grid.types.jar;C:\Program Files\JetBrains\IntelliJ IDEA 2025.2.1\lib\util.jar;C:\Program Files\JetBrains\IntelliJ IDEA 2025.2.1\lib\bouncy-castle.jar
Launcher Type: SUN_STANDARD

[Global flags]
     intx CICompilerCount                          = 4                                         {product} {ergonomic}
     uint ConcGCThreads                            = 2                                         {product} {ergonomic}
     uint G1ConcRefinementThreads                  = 8                                         {product} {ergonomic}
   size_t G1HeapRegionSize                         = 1048576                                   {product} {ergonomic}
    uintx GCDrainStackTargetSize                   = 64                                        {product} {ergonomic}
   size_t InitialHeapSize                          = 134217728                                 {product} {command line}
   size_t MarkStackSize                            = 4194304                                   {product} {ergonomic}
   size_t MaxHeapSize                              = 2147483648                                {product} {command line}
   size_t MaxNewSize                               = 1287651328                                {product} {ergonomic}
   size_t MinHeapDeltaBytes                        = 1048576                                   {product} {ergonomic}
   size_t MinHeapSize                              = 134217728                                 {product} {command line}
    uintx NonNMethodCodeHeapSize                   = 5839372                                {pd product} {ergonomic}
    uintx NonProfiledCodeHeapSize                  = 122909434                              {pd product} {ergonomic}
    uintx ProfiledCodeHeapSize                     = 122909434                              {pd product} {ergonomic}
    uintx ReservedCodeCacheSize                    = 251658240                              {pd product} {ergonomic}
     bool SegmentedCodeCache                       = true                                      {product} {ergonomic}
   size_t SoftMaxHeapSize                          = 2147483648                             {manageable} {ergonomic}
     bool UseCompressedOops                        = true                           {product lp64_product} {ergonomic}
     bool UseG1GC                                  = true                                      {product} {ergonomic}
     bool UseLargePagesIndividualAllocation        = false                                  {pd product} {ergonomic}

Logging:
Log output configuration:
 #0: stdout all=warning uptime,level,tags foldmultilines=false
 #1: stderr all=off uptime,level,tags foldmultilines=false

Environment Variables:
PATH=C:\Python313\Scripts\;C:\Python313\;C:\Program Files\Common Files\Oracle\Java\javapath;C:\Windows\system32;C:\Windows;C:\Windows\System32\Wbem;C:\Windows\System32\WindowsPowerShell\v1.0\;C:\Windows\System32\OpenSSH\;C:\Program Files (x86)\NVIDIA Corporation\PhysX\Common;C:\Program Files\NVIDIA Corporation\NVIDIA NvDLISR;C:\WINDOWS\system32;C:\WINDOWS;C:\WINDOWS\System32\Wbem;C:\WINDOWS\System32\WindowsPowerShell\v1.0\;C:\WINDOWS\System32\OpenSSH\;C:\MinGW\bin;C:\Program Files\Git\cmd;C:\Program Files\Git\mingw64\bin;C:\Program Files\Git\usr\bin;C:\Program Files\dotnet\;C:\ProgramData\chocolatey\bin;C:\Program Files\Java\jdk-17\bin;C:\Program Files\PostgreSQL\17\bin;C:\maven\apache-maven-3.9.11\bin;C:\Program Files\nodejs\;C:\Program Files\MongoDB\Server\8.0\bin;C:\Stripe;;C:\Program Files\Docker\Docker\resources\bin;C:\Users\Saurabh Srivastav\scoop\shims;C:\Users\Saurabh Srivastav\AppData\Local\Microsoft\WindowsApps;C:\Users\Saurabh Srivastav\AppData\Local\Programs\Microsoft VS Code\bin;C:\Program Files\JetBrains\IntelliJ IDEA Community Edition 2024.2.3\bin;;C:\Users\Saurabh Srivastav\AppData\Local\Programs\mongosh\;C:\Program Files\JetBrains\IntelliJ IDEA 2024.2.4\bin;;C:\Users\Saurabh Srivastav\AppData\Roaming\npm;C:\Program Files\MongoDB\Server\8.0\bin;C:\Users\Saurabh Srivastav\AppData\Roaming\Python\Python313\Scripts;
USERNAME=Saurabh Srivastav
OS=Windows_NT
PROCESSOR_IDENTIFIER=Intel64 Family 6 Model 165 Stepping 2, GenuineIntel
TMP=C:\Users\SAURAB~1\AppData\Local\Temp
TEMP=C:\Users\SAURAB~1\AppData\Local\Temp




Periodic native trim disabled

JNI global refs:
JNI global refs: 17, weak refs: 0

JNI global refs memory usage: 835, weak refs: 201

Process memory usage:
Resident Set Size: 55212K (0% of 16610312K total physical memory with 4307868K free physical memory)

OOME stack traces (most recent first):
Classloader memory used:
Loader bootstrap                                                                       : 3924K
Loader jdk.internal.loader.ClassLoaders$AppClassLoader                                 : 3078K
Loader com.intellij.database.remote.jdbc.impl.JdbcClassLoader$JdbcClassLoaderImpl      : 1814K
Loader jdk.internal.loader.ClassLoaders$PlatformClassLoader                            : 420K
Loader jdk.internal.reflect.DelegatingClassLoader                                      : 120K

---------------  S Y S T E M  ---------------

OS:
 Windows 11 , 64 bit Build 26100 (10.0.26100.6725)
OS uptime: 0 days 3:27 hours
Hyper-V role detected

CPU: total 8 (initial active 8) (4 cores per cpu, 2 threads per core) family 6 model 165 stepping 2 microcode 0xe0, cx8, cmov, fxsr, ht, mmx, 3dnowpref, sse, sse2, sse3, ssse3, sse4.1, sse4.2, popcnt, lzcnt, tsc, tscinvbit, avx, avx2, aes, erms, clmul, bmi1, bmi2, adx, fma, vzeroupper, clflush, clflushopt, hv, rdtscp, f16c
Processor Information for the first 8 processors :
  Max Mhz: 2496, Current Mhz: 2496, Mhz Limit: 2496

Memory: 4k page, system-wide physical 16221M (4202M free)
TotalPageFile size 16221M (AvailPageFile size 1M)
current process WorkingSet (physical memory assigned to process): 58M, peak: 131M
current process commit charge ("private bytes"): 245M, peak: 272M

vm_info: OpenJDK 64-Bit Server VM (21.0.8+1-b1038.68) for windows-amd64 JRE (21.0.8+1-b1038.68), built on 2025-07-24 by "builduser" with MS VC++ 16.10 / 16.11 (VS2019)

END.
