#
# There is insufficient memory for the Java Runtime Environment to continue.
# Native memory allocation (malloc) failed to allocate 32744 bytes for ChunkPool::allocate
# Possible reasons:
#   The system is out of physical RAM or swap space
#   The process is running with CompressedOops enabled, and the Java Heap may be blocking the growth of the native heap
# Possible solutions:
#   Reduce memory load on the system
#   Increase physical memory or swap space
#   Check if swap backing store is full
#   Decrease Java heap size (-Xmx/-Xms)
#   Decrease number of Java threads
#   Decrease Java thread stack sizes (-Xss)
#   Set larger code cache with -XX:ReservedCodeCacheSize=
#   JVM is running with Zero Based Compressed Oops mode in which the Java heap is
#     placed in the first 32GB address space. The Java Heap base address is the
#     maximum limit for the native heap growth. Please use -XX:HeapBaseMinAddress
#     to set the Java Heap base and to place the Java Heap above 32GB virtual address.
# This output file may be truncated or incomplete.
#
#  Out of Memory Error (arena.cpp:78), pid=2760, tid=12792
#
# JRE version: Java(TM) SE Runtime Environment (17.0.12+8) (build 17.0.12+8-LTS-286)
# Java VM: Java HotSpot(TM) 64-Bit Server VM (17.0.12+8-LTS-286, mixed mode, emulated-client, sharing, tiered, compressed oops, compressed class ptrs, g1 gc, windows-amd64)
# No core dump will be written. Minidumps are not enabled by default on client versions of Windows
#

---------------  S U M M A R Y ------------

Command Line: -XX:TieredStopAtLevel=1 -Dspring.output.ansi.enabled=always -Dcom.sun.management.jmxremote -Dspring.jmx.enabled=true -Dspring.liveBeansView.mbeanDomain -Dspring.application.admin.enabled=true -Dmanagement.endpoints.jmx.exposure.include=* -javaagent:C:\Program Files\JetBrains\IntelliJ IDEA 2025.2.1\lib\idea_rt.jar=58902 -Dfile.encoding=UTF-8 com.HospitalManagement.HospitalManagementSystem.HospitalManagementSystemApplication

Host: Intel(R) Core(TM) i5-10300H CPU @ 2.50GHz, 8 cores, 15G,  Windows 11 , 64 bit Build 26100 (10.0.26100.5074)
Time: Tue Sep 30 01:04:32 2025 India Standard Time elapsed time: 7.763866 seconds (0d 0h 0m 7s)

---------------  T H R E A D  ---------------

Current thread (0x0000021171fcc7a0):  JavaThread "main" [_thread_in_vm, id=12792, stack(0x00000042d6800000,0x00000042d6900000)]

Stack: [0x00000042d6800000,0x00000042d6900000]
Native frames: (J=compiled Java code, j=interpreted, Vv=VM code, C=native code)
V  [jvm.dll+0x67a04a]
V  [jvm.dll+0x7da4ed]
V  [jvm.dll+0x7dbe33]
V  [jvm.dll+0x7dc4a3]
V  [jvm.dll+0x24508f]
V  [jvm.dll+0xab9a4]
V  [jvm.dll+0xabd3c]
V  [jvm.dll+0x70894e]
V  [jvm.dll+0x709c60]
V  [jvm.dll+0x70a88f]
V  [jvm.dll+0x70aada]
V  [jvm.dll+0x41fc75]
C  0x000002117b17c879

Java frames: (J=compiled Java code, j=interpreted, Vv=VM code)
J 367  java.lang.String.intern()Ljava/lang/String; java.base@17.0.12 (0 bytes) @ 0x000002117b17c7e3 [0x000002117b17c7a0+0x0000000000000043]
J 1462 c1 java.lang.invoke.MethodHandleNatives.linkCallSite(Ljava/lang/Object;ILjava/lang/Object;Ljava/lang/Object;Ljava/lang/Object;Ljava/lang/Object;[Ljava/lang/Object;)Ljava/lang/invoke/MemberName; java.base@17.0.12 (66 bytes) @ 0x000002117b31f874 [0x000002117b31f7c0+0x00000000000000b4]
v  ~StubRoutines::call_stub
j  org.springframework.beans.factory.support.ConstructorResolver.createArgumentArray(Ljava/lang/String;Lorg/springframework/beans/factory/support/RootBeanDefinition;Lorg/springframework/beans/factory/config/ConstructorArgumentValues;Lorg/springframework/beans/BeanWrapper;[Ljava/lang/Class;[Ljava/lang/String;Ljava/lang/reflect/Executable;ZZ)Lorg/springframework/beans/factory/support/ConstructorResolver$ArgumentsHolder;+377
j  org.springframework.beans.factory.support.ConstructorResolver.instantiateUsingFactoryMethod(Ljava/lang/String;Lorg/springframework/beans/factory/support/RootBeanDefinition;[Ljava/lang/Object;)Lorg/springframework/beans/BeanWrapper;+754
j  org.springframework.beans.factory.support.AbstractAutowireCapableBeanFactory.instantiateUsingFactoryMethod(Ljava/lang/String;Lorg/springframework/beans/factory/support/RootBeanDefinition;[Ljava/lang/Object;)Lorg/springframework/beans/BeanWrapper;+11
j  org.springframework.beans.factory.support.AbstractAutowireCapableBeanFactory.createBeanInstance(Ljava/lang/String;Lorg/springframework/beans/factory/support/RootBeanDefinition;[Ljava/lang/Object;)Lorg/springframework/beans/BeanWrapper;+93
j  org.springframework.beans.factory.support.AbstractAutowireCapableBeanFactory.doCreateBean(Ljava/lang/String;Lorg/springframework/beans/factory/support/RootBeanDefinition;[Ljava/lang/Object;)Ljava/lang/Object;+34
j  org.springframework.beans.factory.support.AbstractAutowireCapableBeanFactory.createBean(Ljava/lang/String;Lorg/springframework/beans/factory/support/RootBeanDefinition;[Ljava/lang/Object;)Ljava/lang/Object;+153
j  org.springframework.beans.factory.support.AbstractBeanFactory.lambda$doGetBean$0(Ljava/lang/String;Lorg/springframework/beans/factory/support/RootBeanDefinition;[Ljava/lang/Object;)Ljava/lang/Object;+4
j  org.springframework.beans.factory.support.AbstractBeanFactory$$Lambda$460+0x000002110c25b9b8.getObject()Ljava/lang/Object;+16
j  org.springframework.beans.factory.support.DefaultSingletonBeanRegistry.getSingleton(Ljava/lang/String;Lorg/springframework/beans/factory/ObjectFactory;)Ljava/lang/Object;+897
J 2649 c1 org.springframework.beans.factory.support.AbstractBeanFactory.doGetBean(Ljava/lang/String;Ljava/lang/Class;[Ljava/lang/Object;Z)Ljava/lang/Object; (787 bytes) @ 0x000002117b4fde24 [0x000002117b4fd800+0x0000000000000624]
j  org.springframework.beans.factory.support.AbstractBeanFactory.getBean(Ljava/lang/String;)Ljava/lang/Object;+5
j  org.springframework.beans.factory.support.DefaultListableBeanFactory.instantiateSingleton(Ljava/lang/String;)V+51
j  org.springframework.beans.factory.support.DefaultListableBeanFactory.preInstantiateSingleton(Ljava/lang/String;Lorg/springframework/beans/factory/support/RootBeanDefinition;)Ljava/util/concurrent/CompletableFuture;+141
j  org.springframework.beans.factory.support.DefaultListableBeanFactory.preInstantiateSingletons()V+123
j  org.springframework.context.support.AbstractApplicationContext.finishBeanFactoryInitialization(Lorg/springframework/beans/factory/config/ConfigurableListableBeanFactory;)V+284
j  org.springframework.context.support.AbstractApplicationContext.refresh()V+94
j  org.springframework.boot.web.servlet.context.ServletWebServerApplicationContext.refresh()V+1
j  org.springframework.boot.SpringApplication.refresh(Lorg/springframework/context/ConfigurableApplicationContext;)V+1
j  org.springframework.boot.SpringApplication.refreshContext(Lorg/springframework/context/ConfigurableApplicationContext;)V+19
j  org.springframework.boot.SpringApplication.run([Ljava/lang/String;)Lorg/springframework/context/ConfigurableApplicationContext;+113
j  org.springframework.boot.SpringApplication.run([Ljava/lang/Class;[Ljava/lang/String;)Lorg/springframework/context/ConfigurableApplicationContext;+9
j  org.springframework.boot.SpringApplication.run(Ljava/lang/Class;[Ljava/lang/String;)Lorg/springframework/context/ConfigurableApplicationContext;+9
j  com.HospitalManagement.HospitalManagementSystem.HospitalManagementSystemApplication.main([Ljava/lang/String;)V+3
v  ~StubRoutines::call_stub

---------------  P R O C E S S  ---------------

Threads class SMR info:
_java_thread_list=0x00000211516c0120, length=24, elements={
0x0000021171fcc7a0, 0x000002110a9294b0, 0x000002110a92bbf0, 0x000002110a93cbc0,
0x000002110a93d580, 0x000002110a93eab0, 0x000002110aa630e0, 0x000002110aa65620,
0x000002110aa6a090, 0x000002110a912680, 0x000002110ab5b990, 0x000002110a912f60,
0x000002110ae577a0, 0x000002110ae553a0, 0x00000211501c9220, 0x00000211507464f0,
0x000002115075dee0, 0x00000211510d4320, 0x00000211510d3900, 0x00000211510d1aa0,
0x00000211510d3e10, 0x00000211510d33f0, 0x00000211510d4830, 0x00000211510d1080
}

Java Threads: ( => current thread )
=>0x0000021171fcc7a0 JavaThread "main" [_thread_in_vm, id=12792, stack(0x00000042d6800000,0x00000042d6900000)]
  0x000002110a9294b0 JavaThread "Reference Handler" daemon [_thread_blocked, id=18664, stack(0x00000042d6f00000,0x00000042d7000000)]
  0x000002110a92bbf0 JavaThread "Finalizer" daemon [_thread_blocked, id=11300, stack(0x00000042d7000000,0x00000042d7100000)]
  0x000002110a93cbc0 JavaThread "Signal Dispatcher" daemon [_thread_blocked, id=16592, stack(0x00000042d7100000,0x00000042d7200000)]
  0x000002110a93d580 JavaThread "Attach Listener" daemon [_thread_blocked, id=25992, stack(0x00000042d7200000,0x00000042d7300000)]
  0x000002110a93eab0 JavaThread "Service Thread" daemon [_thread_blocked, id=3264, stack(0x00000042d7300000,0x00000042d7400000)]
  0x000002110aa630e0 JavaThread "Monitor Deflation Thread" daemon [_thread_blocked, id=6768, stack(0x00000042d7400000,0x00000042d7500000)]
  0x000002110aa65620 JavaThread "C1 CompilerThread0" daemon [_thread_blocked, id=18180, stack(0x00000042d7500000,0x00000042d7600000)]
  0x000002110aa6a090 JavaThread "Sweeper thread" daemon [_thread_blocked, id=3976, stack(0x00000042d7600000,0x00000042d7700000)]
  0x000002110a912680 JavaThread "Common-Cleaner" daemon [_thread_blocked, id=17372, stack(0x00000042d7700000,0x00000042d7800000)]
  0x000002110ab5b990 JavaThread "C1 CompilerThread1" daemon [_thread_blocked, id=27492, stack(0x00000042d7800000,0x00000042d7900000)]
  0x000002110a912f60 JavaThread "C1 CompilerThread2" daemon [_thread_blocked, id=3732, stack(0x00000042d7900000,0x00000042d7a00000)]
  0x000002110ae577a0 JavaThread "Monitor Ctrl-Break" daemon [_thread_in_native, id=7028, stack(0x00000042d7b00000,0x00000042d7c00000)]
  0x000002110ae553a0 JavaThread "Notification Thread" daemon [_thread_blocked, id=24428, stack(0x00000042d7c00000,0x00000042d7d00000)]
  0x00000211501c9220 JavaThread "RMI TCP Accept-0" daemon [_thread_in_native, id=25608, stack(0x00000042d7d00000,0x00000042d7e00000)]
  0x00000211507464f0 JavaThread "RMI TCP Connection(1)-192.168.1.34" daemon [_thread_blocked, id=18852, stack(0x00000042d8800000,0x00000042d8900000)]
  0x000002115075dee0 JavaThread "RMI Scheduler(0)" daemon [_thread_blocked, id=17780, stack(0x00000042d8900000,0x00000042d8a00000)]
  0x00000211510d4320 JavaThread "Catalina-utility-1" [_thread_blocked, id=16024, stack(0x00000042d8a00000,0x00000042d8b00000)]
  0x00000211510d3900 JavaThread "Catalina-utility-2" [_thread_blocked, id=7836, stack(0x00000042d8b00000,0x00000042d8c00000)]
  0x00000211510d1aa0 JavaThread "container-0" [_thread_blocked, id=12024, stack(0x00000042d8c00000,0x00000042d8d00000)]
  0x00000211510d3e10 JavaThread "PostgreSQL-JDBC-Cleaner" daemon [_thread_blocked, id=21880, stack(0x00000042d8e00000,0x00000042d8f00000)]
  0x00000211510d33f0 JavaThread "HikariPool-1:housekeeper" daemon [_thread_blocked, id=8300, stack(0x00000042d8f00000,0x00000042d9000000)]
  0x00000211510d4830 JavaThread "HikariPool-1:connection-adder" daemon [_thread_in_native, id=17364, stack(0x00000042d9000000,0x00000042d9100000)]
  0x00000211510d1080 JavaThread "JMX server connection timeout 36" daemon [_thread_new, id=8904, stack(0x0000000000000000,0x0000000000000000)]

Other Threads:
  0x000002110a922e90 VMThread "VM Thread" [stack: 0x00000042d6e00000,0x00000042d6f00000] [id=17636] _threads_hazard_ptr=0x00000211516c0120
  0x0000021172072470 WatcherThread [stack: 0x00000042d7e00000,0x00000042d7f00000] [id=7472]
  0x0000021172038230 GCTaskThread "GC Thread#0" [stack: 0x00000042d6900000,0x00000042d6a00000] [id=26452]
  0x00000211504c1680 GCTaskThread "GC Thread#1" [stack: 0x00000042d7f00000,0x00000042d8000000] [id=25996]
  0x00000211504c1940 GCTaskThread "GC Thread#2" [stack: 0x00000042d8000000,0x00000042d8100000] [id=3392]
  0x00000211504c1c00 GCTaskThread "GC Thread#3" [stack: 0x00000042d8100000,0x00000042d8200000] [id=5864]
  0x00000211504c1ec0 GCTaskThread "GC Thread#4" [stack: 0x00000042d8200000,0x00000042d8300000] [id=15448]
  0x00000211504c2180 GCTaskThread "GC Thread#5" [stack: 0x00000042d8300000,0x00000042d8400000] [id=19188]
  0x0000021150514c90 GCTaskThread "GC Thread#6" [stack: 0x00000042d8400000,0x00000042d8500000] [id=19640]
  0x0000021150745e20 GCTaskThread "GC Thread#7" [stack: 0x00000042d8600000,0x00000042d8700000] [id=21356]
  0x000002117204abe0 ConcurrentGCThread "G1 Main Marker" [stack: 0x00000042d6a00000,0x00000042d6b00000] [id=24964]
  0x000002117204cda0 ConcurrentGCThread "G1 Conc#0" [stack: 0x00000042d6b00000,0x00000042d6c00000] [id=12868]
  0x0000021150ce4be0 ConcurrentGCThread "G1 Conc#1" [stack: 0x00000042d8700000,0x00000042d8800000] [id=4080]
  0x000002117208dc30 ConcurrentGCThread "G1 Refine#0" [stack: 0x00000042d6c00000,0x00000042d6d00000] [id=25416]
  0x0000021150514f50 ConcurrentGCThread "G1 Refine#1" [stack: 0x00000042d8500000,0x00000042d8600000] [id=17888]
  0x000002117208e500 ConcurrentGCThread "G1 Service" [stack: 0x00000042d6d00000,0x00000042d6e00000] [id=16800]

Threads with active compile tasks:
C1 CompilerThread0     7820 4012       1       org.springframework.beans.factory.support.AbstractBeanDefinition::<init> (500 bytes)
C1 CompilerThread2     7820 4014       1       org.springframework.util.ReflectionUtils::isCglibRenamedMethod (81 bytes)

VM state: synchronizing (normal execution)

VM Mutex/Monitor currently owned by a thread:  ([mutex/lock_event])
[0x0000021171fc7900] Threads_lock - owner thread: 0x000002110a922e90

Heap address: 0x0000000702800000, size: 4056 MB, Compressed Oops mode: Zero based, Oop shift amount: 3

CDS archive(s) mapped at: [0x000002110b000000-0x000002110bbd0000-0x000002110bbd0000), size 12386304, SharedBaseAddress: 0x000002110b000000, ArchiveRelocationMode: 1.
Compressed class space mapped at: 0x000002110c000000-0x000002114c000000, reserved size: 1073741824
Narrow klass base: 0x000002110b000000, Narrow klass shift: 0, Narrow klass range: 0x100000000

GC Precious Log:
 CPUs: 8 total, 8 available
 Memory: 16221M
 Large Page Support: Disabled
 NUMA Support: Disabled
 Compressed Oops: Enabled (Zero based)
 Heap Region Size: 2M
 Heap Min Capacity: 8M
 Heap Initial Capacity: 254M
 Heap Max Capacity: 4056M
 Pre-touch: Disabled
 Parallel Workers: 8
 Concurrent Workers: 2
 Concurrent Refinement Workers: 8
 Periodic GC: Disabled

Heap:
 garbage-first heap   total 61440K, used 27481K [0x0000000702800000, 0x0000000800000000)
  region size 2048K, 6 young (12288K), 2 survivors (4096K)
 Metaspace       used 43723K, committed 44224K, reserved 1114112K
  class space    used 6299K, committed 6528K, reserved 1048576K

Heap Regions: E=young(eden), S=young(survivor), O=old, HS=humongous(starts), HC=humongous(continues), CS=collection set, F=free, OA=open archive, CA=closed archive, TAMS=top-at-mark-start (previous, next)
|   0|0x0000000702800000, 0x0000000702a00000, 0x0000000702a00000|100%| O|  |TAMS 0x0000000702a00000, 0x0000000702800000| Untracked 
|   1|0x0000000702a00000, 0x0000000702c00000, 0x0000000702c00000|100%| O|  |TAMS 0x0000000702c00000, 0x0000000702a00000| Untracked 
|   2|0x0000000702c00000, 0x0000000702e00000, 0x0000000702e00000|100%| O|  |TAMS 0x0000000702e00000, 0x0000000702c00000| Untracked 
|   3|0x0000000702e00000, 0x0000000702f8c600, 0x0000000703000000| 77%| O|  |TAMS 0x0000000702f8c600, 0x0000000702e00000| Untracked 
|   4|0x0000000703000000, 0x0000000703200000, 0x0000000703200000|100%| O|  |TAMS 0x0000000703200000, 0x0000000703000000| Untracked 
|   5|0x0000000703200000, 0x0000000703400000, 0x0000000703400000|100%| O|  |TAMS 0x0000000703400000, 0x0000000703200000| Untracked 
|   6|0x0000000703400000, 0x0000000703600000, 0x0000000703600000|100%| O|  |TAMS 0x0000000703600000, 0x0000000703400000| Untracked 
|   7|0x0000000703600000, 0x0000000703800000, 0x0000000703800000|100%| O|  |TAMS 0x0000000703800000, 0x0000000703600000| Untracked 
|   8|0x0000000703800000, 0x0000000703a00000, 0x0000000703a00000|100%| O|  |TAMS 0x0000000703a00000, 0x0000000703800000| Untracked 
|   9|0x0000000703a00000, 0x0000000703a94400, 0x0000000703c00000| 28%| O|  |TAMS 0x0000000703a94400, 0x0000000703a00000| Untracked 
|  10|0x0000000703c00000, 0x0000000703c00000, 0x0000000703e00000|  0%| F|  |TAMS 0x0000000703c00000, 0x0000000703c00000| Untracked 
|  11|0x0000000703e00000, 0x0000000703e00000, 0x0000000704000000|  0%| F|  |TAMS 0x0000000703e00000, 0x0000000703e00000| Untracked 
|  12|0x0000000704000000, 0x0000000704000000, 0x0000000704200000|  0%| F|  |TAMS 0x0000000704000000, 0x0000000704000000| Untracked 
|  13|0x0000000704200000, 0x0000000704200000, 0x0000000704400000|  0%| F|  |TAMS 0x0000000704200000, 0x0000000704200000| Untracked 
|  14|0x0000000704400000, 0x0000000704400000, 0x0000000704600000|  0%| F|  |TAMS 0x0000000704400000, 0x0000000704400000| Untracked 
|  15|0x0000000704600000, 0x00000007046b5c58, 0x0000000704800000| 35%| S|CS|TAMS 0x0000000704600000, 0x0000000704600000| Complete 
|  16|0x0000000704800000, 0x0000000704a00000, 0x0000000704a00000|100%| S|CS|TAMS 0x0000000704800000, 0x0000000704800000| Complete 
|  17|0x0000000704a00000, 0x0000000704a00000, 0x0000000704c00000|  0%| F|  |TAMS 0x0000000704a00000, 0x0000000704a00000| Untracked 
|  18|0x0000000704c00000, 0x0000000704c00000, 0x0000000704e00000|  0%| F|  |TAMS 0x0000000704c00000, 0x0000000704c00000| Untracked 
|  19|0x0000000704e00000, 0x0000000704e00000, 0x0000000705000000|  0%| F|  |TAMS 0x0000000704e00000, 0x0000000704e00000| Untracked 
|  20|0x0000000705000000, 0x0000000705000000, 0x0000000705200000|  0%| F|  |TAMS 0x0000000705000000, 0x0000000705000000| Untracked 
|  21|0x0000000705200000, 0x0000000705200000, 0x0000000705400000|  0%| F|  |TAMS 0x0000000705200000, 0x0000000705200000| Untracked 
|  22|0x0000000705400000, 0x0000000705400000, 0x0000000705600000|  0%| F|  |TAMS 0x0000000705400000, 0x0000000705400000| Untracked 
|  23|0x0000000705600000, 0x0000000705600000, 0x0000000705800000|  0%| F|  |TAMS 0x0000000705600000, 0x0000000705600000| Untracked 
|  24|0x0000000705800000, 0x0000000705800000, 0x0000000705a00000|  0%| F|  |TAMS 0x0000000705800000, 0x0000000705800000| Untracked 
|  92|0x000000070e000000, 0x000000070e000000, 0x000000070e200000|  0%| F|  |TAMS 0x000000070e000000, 0x000000070e000000| Untracked 
|  93|0x000000070e200000, 0x000000070e2d4df0, 0x000000070e400000| 41%| E|  |TAMS 0x000000070e200000, 0x000000070e200000| Complete 
|  94|0x000000070e400000, 0x000000070e600000, 0x000000070e600000|100%| E|CS|TAMS 0x000000070e400000, 0x000000070e400000| Complete 
|  95|0x000000070e600000, 0x000000070e800000, 0x000000070e800000|100%| E|CS|TAMS 0x000000070e600000, 0x000000070e600000| Complete 
| 126|0x0000000712400000, 0x0000000712600000, 0x0000000712600000|100%| E|CS|TAMS 0x0000000712400000, 0x0000000712400000| Complete 

Card table byte_map: [0x000002117ef30000,0x000002117f720000] _byte_map_base: 0x000002117b71c000

Marking Bits (Prev, Next): (CMBitMap*) 0x00000211720398a0, (CMBitMap*) 0x0000021172039860
 Prev Bits: [0x0000021103f60000, 0x0000021107ec0000)
 Next Bits: [0x0000021100000000, 0x0000021103f60000)

Polling page: 0x0000021172090000

Metaspace:

Usage:
  Non-class:     36.55 MB used.
      Class:      6.15 MB used.
       Both:     42.70 MB used.

Virtual space:
  Non-class space:       64.00 MB reserved,      36.81 MB ( 58%) committed,  1 nodes.
      Class space:        1.00 GB reserved,       6.38 MB ( <1%) committed,  1 nodes.
             Both:        1.06 GB reserved,      43.19 MB (  4%) committed. 

Chunk freelists:
   Non-Class:  10.64 MB
       Class:  9.45 MB
        Both:  20.09 MB

MaxMetaspaceSize: unlimited
CompressedClassSpaceSize: 1.00 GB
Initial GC threshold: 21.00 MB
Current GC threshold: 69.31 MB
CDS: on
MetaspaceReclaimPolicy: balanced
 - commit_granule_bytes: 65536.
 - commit_granule_words: 8192.
 - virtual_space_node_default_size: 8388608.
 - enlarge_chunks_in_place: 1.
 - new_chunks_are_fully_committed: 0.
 - uncommit_free_chunks: 1.
 - use_allocation_guard: 0.
 - handle_deallocations: 1.


Internal statistics:

num_allocs_failed_limit: 9.
num_arena_births: 668.
num_arena_deaths: 0.
num_vsnodes_births: 2.
num_vsnodes_deaths: 0.
num_space_committed: 691.
num_space_uncommitted: 0.
num_chunks_returned_to_freelist: 9.
num_chunks_taken_from_freelist: 2292.
num_chunk_merges: 3.
num_chunk_splits: 1613.
num_chunks_enlarged: 1221.
num_inconsistent_stats: 0.

CodeCache: size=49152Kb used=8463Kb max_used=9017Kb free=40688Kb
 bounds [0x000002117ae50000, 0x000002117b720000, 0x000002117de50000]
 total_blobs=4572 nmethods=4012 adapters=484
 compilation: enabled
              stopped_count=0, restarted_count=0
 full_count=0

Compilation events (20 events):
Event: 5.606 Thread 0x000002110a912f60 4004       1       java.util.HashMap::clear (50 bytes)
Event: 5.607 Thread 0x000002110a912f60 nmethod 4004 0x000002117b116e10 code [0x000002117b116fa0, 0x000002117b1170f8]
Event: 5.681 Thread 0x000002110aa65620 4005       1       org.hibernate.service.spi.ServiceBinding::getService (5 bytes)
Event: 5.681 Thread 0x000002110aa65620 nmethod 4005 0x000002117b116b10 code [0x000002117b116ca0, 0x000002117b116d78]
Event: 5.723 Thread 0x000002110ab5b990 4006       1       java.util.Formatter$FormatSpecifier::index (5 bytes)
Event: 5.723 Thread 0x000002110ab5b990 nmethod 4006 0x000002117b116810 code [0x000002117b1169a0, 0x000002117b116a78]
Event: 5.729 Thread 0x000002110a912f60 4007       1       java.time.format.DateTimeFormatter::getDecimalStyle (5 bytes)
Event: 5.729 Thread 0x000002110a912f60 nmethod 4007 0x000002117b116510 code [0x000002117b1166a0, 0x000002117b116778]
Event: 5.729 Thread 0x000002110aa65620 4008       1       java.util.Formatter$Flags::contains (22 bytes)
Event: 5.730 Thread 0x000002110aa65620 nmethod 4008 0x000002117b116210 code [0x000002117b1163a0, 0x000002117b116498]
Event: 5.734 Thread 0x000002110aa65620 4009       1       org.springframework.beans.factory.support.AbstractBeanFactory$$Lambda$638/0x000002110c35f508::accept (16 bytes)
Event: 5.734 Thread 0x000002110a912f60 4010       1       org.springframework.beans.factory.support.AbstractBeanFactory::lambda$clearMetadataCache$3 (14 bytes)
Event: 5.735 Thread 0x000002110a912f60 nmethod 4010 0x000002117b115e10 code [0x000002117b115fa0, 0x000002117b1160e8]
Event: 5.735 Thread 0x000002110aa65620 nmethod 4009 0x000002117b115910 code [0x000002117b115ac0, 0x000002117b115ca8]
Event: 5.735 Thread 0x000002110a912f60 4011       1       org.springframework.core.annotation.AnnotationUtils::isCandidateClass (41 bytes)
Event: 5.736 Thread 0x000002110a912f60 nmethod 4011 0x000002117b115190 code [0x000002117b115380, 0x000002117b1156c8]
Event: 5.736 Thread 0x000002110aa65620 4012       1       org.springframework.beans.factory.support.AbstractBeanDefinition::<init> (500 bytes)
Event: 5.736 Thread 0x000002110ab5b990 4013       1       org.springframework.beans.factory.support.AbstractBeanFactory::isPrototypeCurrentlyInCreation (48 bytes)
Event: 5.737 Thread 0x000002110a912f60 4014       1       org.springframework.util.ReflectionUtils::isCglibRenamedMethod (81 bytes)
Event: 5.737 Thread 0x000002110ab5b990 nmethod 4013 0x000002117b114c90 code [0x000002117b114e40, 0x000002117b115088]

GC Heap History (16 events):
Event: 0.937 GC heap before
{Heap before GC invocations=0 (full 0):
 garbage-first heap   total 260096K, used 20480K [0x0000000702800000, 0x0000000800000000)
  region size 2048K, 11 young (22528K), 0 survivors (0K)
 Metaspace       used 6535K, committed 6784K, reserved 1114112K
  class space    used 835K, committed 960K, reserved 1048576K
}
Event: 0.942 GC heap after
{Heap after GC invocations=1 (full 0):
 garbage-first heap   total 260096K, used 7158K [0x0000000702800000, 0x0000000800000000)
  region size 2048K, 2 young (4096K), 2 survivors (4096K)
 Metaspace       used 6535K, committed 6784K, reserved 1114112K
  class space    used 835K, committed 960K, reserved 1048576K
}
Event: 1.364 GC heap before
{Heap before GC invocations=1 (full 0):
 garbage-first heap   total 260096K, used 25590K [0x0000000702800000, 0x0000000800000000)
  region size 2048K, 11 young (22528K), 2 survivors (4096K)
 Metaspace       used 10521K, committed 10880K, reserved 1114112K
  class space    used 1478K, committed 1664K, reserved 1048576K
}
Event: 1.368 GC heap after
{Heap after GC invocations=2 (full 0):
 garbage-first heap   total 260096K, used 9681K [0x0000000702800000, 0x0000000800000000)
  region size 2048K, 1 young (2048K), 1 survivors (2048K)
 Metaspace       used 10521K, committed 10880K, reserved 1114112K
  class space    used 1478K, committed 1664K, reserved 1048576K
}
Event: 2.179 GC heap before
{Heap before GC invocations=2 (full 0):
 garbage-first heap   total 260096K, used 67025K [0x0000000702800000, 0x0000000800000000)
  region size 2048K, 31 young (63488K), 1 survivors (2048K)
 Metaspace       used 21145K, committed 21504K, reserved 1114112K
  class space    used 2901K, committed 3072K, reserved 1048576K
}
Event: 2.186 GC heap after
{Heap after GC invocations=3 (full 0):
 garbage-first heap   total 260096K, used 13986K [0x0000000702800000, 0x0000000800000000)
  region size 2048K, 4 young (8192K), 4 survivors (8192K)
 Metaspace       used 21145K, committed 21504K, reserved 1114112K
  class space    used 2901K, committed 3072K, reserved 1048576K
}
Event: 2.790 GC heap before
{Heap before GC invocations=4 (full 0):
 garbage-first heap   total 61440K, used 42658K [0x0000000702800000, 0x0000000800000000)
  region size 2048K, 18 young (36864K), 4 survivors (8192K)
 Metaspace       used 24884K, committed 25344K, reserved 1114112K
  class space    used 3538K, committed 3776K, reserved 1048576K
}
Event: 2.798 GC heap after
{Heap after GC invocations=5 (full 0):
 garbage-first heap   total 61440K, used 16533K [0x0000000702800000, 0x0000000800000000)
  region size 2048K, 2 young (4096K), 2 survivors (4096K)
 Metaspace       used 24884K, committed 25344K, reserved 1114112K
  class space    used 3538K, committed 3776K, reserved 1048576K
}
Event: 3.262 GC heap before
{Heap before GC invocations=5 (full 0):
 garbage-first heap   total 61440K, used 37013K [0x0000000702800000, 0x0000000800000000)
  region size 2048K, 13 young (26624K), 2 survivors (4096K)
 Metaspace       used 29166K, committed 29632K, reserved 1114112K
  class space    used 4066K, committed 4288K, reserved 1048576K
}
Event: 3.266 GC heap after
{Heap after GC invocations=6 (full 0):
 garbage-first heap   total 61440K, used 18707K [0x0000000702800000, 0x0000000800000000)
  region size 2048K, 1 young (2048K), 1 survivors (2048K)
 Metaspace       used 29166K, committed 29632K, reserved 1114112K
  class space    used 4066K, committed 4288K, reserved 1048576K
}
Event: 3.654 GC heap before
{Heap before GC invocations=6 (full 0):
 garbage-first heap   total 61440K, used 39187K [0x0000000702800000, 0x0000000800000000)
  region size 2048K, 12 young (24576K), 1 survivors (2048K)
 Metaspace       used 34286K, committed 34752K, reserved 1114112K
  class space    used 4928K, committed 5120K, reserved 1048576K
}
Event: 3.657 GC heap after
{Heap after GC invocations=7 (full 0):
 garbage-first heap   total 61440K, used 19678K [0x0000000702800000, 0x0000000800000000)
  region size 2048K, 2 young (4096K), 2 survivors (4096K)
 Metaspace       used 34286K, committed 34752K, reserved 1114112K
  class space    used 4928K, committed 5120K, reserved 1048576K
}
Event: 3.792 GC heap before
{Heap before GC invocations=7 (full 0):
 garbage-first heap   total 61440K, used 23774K [0x0000000702800000, 0x0000000800000000)
  region size 2048K, 5 young (10240K), 2 survivors (4096K)
 Metaspace       used 35701K, committed 36096K, reserved 1114112K
  class space    used 5112K, committed 5312K, reserved 1048576K
}
Event: 3.796 GC heap after
{Heap after GC invocations=8 (full 0):
 garbage-first heap   total 61440K, used 20106K [0x0000000702800000, 0x0000000800000000)
  region size 2048K, 1 young (2048K), 1 survivors (2048K)
 Metaspace       used 35701K, committed 36096K, reserved 1114112K
  class space    used 5112K, committed 5312K, reserved 1048576K
}
Event: 4.541 GC heap before
{Heap before GC invocations=9 (full 0):
 garbage-first heap   total 61440K, used 42634K [0x0000000702800000, 0x0000000800000000)
  region size 2048K, 13 young (26624K), 1 survivors (2048K)
 Metaspace       used 41546K, committed 42048K, reserved 1114112K
  class space    used 5907K, committed 6144K, reserved 1048576K
}
Event: 4.545 GC heap after
{Heap after GC invocations=10 (full 0):
 garbage-first heap   total 61440K, used 21337K [0x0000000702800000, 0x0000000800000000)
  region size 2048K, 2 young (4096K), 2 survivors (4096K)
 Metaspace       used 41546K, committed 42048K, reserved 1114112K
  class space    used 5907K, committed 6144K, reserved 1048576K
}

Deoptimization events (2 events):
Event: 3.077 Thread 0x00000211510d3900 DEOPT PACKING pc=0x000002117b36969f sp=0x00000042d8bff180
Event: 3.077 Thread 0x00000211510d3900 DEOPT UNPACKING pc=0x000002117aea2b43 sp=0x00000042d8bfe5d8 mode 3

Classes unloaded (0 events):
No events

Classes redefined (0 events):
No events

Internal exceptions (20 events):
Event: 3.058 Thread 0x0000021171fcc7a0 Exception <a 'java/lang/NoSuchMethodError'{0x0000000705674648}: 'long java.lang.invoke.DirectMethodHandle$Holder.invokeVirtual(java.lang.Object, java.lang.Object)'> (0x0000000705674648) 
thrown [s\open\src\hotspot\share\interpreter\linkResolver.cpp, line 759]
Event: 3.095 Thread 0x0000021171fcc7a0 Exception <a 'java/lang/NoSuchMethodError'{0x00000007057e8610}: 'void java.lang.invoke.DirectMethodHandle$Holder.invokeVirtual(java.lang.Object, java.lang.Object, long)'> (0x00000007057e8610) 
thrown [s\open\src\hotspot\share\interpreter\linkResolver.cpp, line 759]
Event: 3.185 Thread 0x0000021171fcc7a0 Exception <a 'sun/nio/fs/WindowsException'{0x00000007053866c0}> (0x00000007053866c0) 
thrown [s\open\src\hotspot\share\prims\jni.cpp, line 516]
Event: 3.215 Thread 0x0000021171fcc7a0 Exception <a 'java/lang/NoSuchMethodError'{0x000000070512ff48}: 'java.lang.Object java.lang.invoke.Invokers$Holder.invoke_MT(java.lang.Object, java.lang.Object, java.lang.Object)'> (0x000000070512ff48) 
thrown [s\open\src\hotspot\share\interpreter\linkResolver.cpp, line 759]
Event: 3.487 Thread 0x00000211507464f0 Exception <a 'java/lang/reflect/InvocationTargetException'{0x000000070568e6d8}> (0x000000070568e6d8) 
thrown [s\open\src\hotspot\share\runtime\reflection.cpp, line 1121]
Event: 3.687 Thread 0x0000021171fcc7a0 Exception <a 'java/lang/NoSuchMethodError'{0x00000007125e7608}: 'int java.lang.invoke.DirectMethodHandle$Holder.invokeStatic(java.lang.Object)'> (0x00000007125e7608) 
thrown [s\open\src\hotspot\share\interpreter\linkResolver.cpp, line 759]
Event: 3.718 Thread 0x0000021171fcc7a0 Exception <a 'java/lang/NoSuchMethodError'{0x000000070e718da8}: 'int java.lang.invoke.DirectMethodHandle$Holder.invokeStaticInit(java.lang.Object, java.lang.Object, java.lang.Object, java.lang.Object)'> (0x000000070e718da8) 
thrown [s\open\src\hotspot\share\interpreter\linkResolver.cpp, line 759]
Event: 3.788 Thread 0x0000021171fcc7a0 Exception <a 'sun/nio/fs/WindowsException'{0x000000070e4b65b8}> (0x000000070e4b65b8) 
thrown [s\open\src\hotspot\share\prims\jni.cpp, line 516]
Event: 3.813 Thread 0x0000021171fcc7a0 Exception <a 'java/lang/NoSuchMethodError'{0x00000007124bd888}: 'int java.lang.invoke.DirectMethodHandle$Holder.invokeInterface(java.lang.Object, java.lang.Object, int)'> (0x00000007124bd888) 
thrown [s\open\src\hotspot\share\interpreter\linkResolver.cpp, line 759]
Event: 3.813 Thread 0x0000021171fcc7a0 Exception <a 'java/lang/IncompatibleClassChangeError'{0x00000007124c1110}: Found class java.lang.Object, but interface was expected> (0x00000007124c1110) 
thrown [s\open\src\hotspot\share\interpreter\linkResolver.cpp, line 826]
Event: 3.966 Thread 0x0000021171fcc7a0 Exception <a 'java/lang/NoSuchMethodError'{0x000000070e05d2b0}: 'java.lang.Object java.lang.invoke.DirectMethodHandle$Holder.invokeStaticInit(java.lang.Object, java.lang.Object, java.lang.Object, java.lang.Object)'> (0x000000070e05d2b0) 
thrown [s\open\src\hotspot\share\interpreter\linkResolver.cpp, line 759]
Event: 3.974 Thread 0x0000021171fcc7a0 Exception <a 'java/lang/NoSuchMethodError'{0x000000070e11d6e8}: 'java.lang.Object java.lang.invoke.DirectMethodHandle$Holder.invokeSpecial(java.lang.Object, java.lang.Object, long, java.lang.Object, java.lang.Object, java.lang.Object, java.lang.Object, java.lang.Object, java.lang.Object, java.lang.Object)'> (0x000000070e11d6e8) 
thrown [s\open\src\hotspot\share\interpreter\linkResolver.cpp, line 759]
Event: 3.974 Thread 0x0000021171fcc7a0 Exception <a 'java/lang/NoSuchMethodError'{0x000000070e1224a0}: 'java.lang.Object java.lang.invoke.DelegatingMethodHandle$Holder.reinvoke_L(java.lang.Object, long, java.lang.Object, java.lang.Object, java.lang.Object, java.lang.Object, java.lang.Object, java.lang.Object, java.lang.Object)'> (0x000000070e1224a0) 
thrown [s\open\src\hotspot\share\interpreter\linkResolver.cpp, line 759]
Event: 3.975 Thread 0x0000021171fcc7a0 Exception <a 'java/lang/NoSuchMethodError'{0x000000070e139818}: 'java.lang.Object java.lang.invoke.Invokers$Holder.linkToTargetMethod(java.lang.Object, java.lang.Object, java.lang.Object, java.lang.Object, java.lang.Object, java.lang.Object, java.lang.Object, java.lang.Object)'> (0x000000070e139818) 
thrown [s\open\src\hotspot\share\interpreter\linkResolver.cpp, line 759]
Event: 3.996 Thread 0x00000211507464f0 Exception <a 'java/lang/reflect/InvocationTargetException'{0x000000070589f608}> (0x000000070589f608) 
thrown [s\open\src\hotspot\share\runtime\reflection.cpp, line 1121]
Event: 4.366 Thread 0x0000021171fcc7a0 Exception <a 'java/lang/IncompatibleClassChangeError'{0x0000000704fa1b38}: Found class java.lang.Object, but interface was expected> (0x0000000704fa1b38) 
thrown [s\open\src\hotspot\share\interpreter\linkResolver.cpp, line 826]
Event: 4.434 Thread 0x0000021171fcc7a0 Exception <a 'java/lang/NoSuchMethodError'{0x0000000704c962c8}: 'java.lang.Object java.lang.invoke.DirectMethodHandle$Holder.invokeStatic(java.lang.Object, java.lang.Object, int, java.lang.Object)'> (0x0000000704c962c8) 
thrown [s\open\src\hotspot\share\interpreter\linkResolver.cpp, line 759]
Event: 4.434 Thread 0x0000021171fcc7a0 Exception <a 'java/lang/NoSuchMethodError'{0x0000000704c99d60}: 'java.lang.Object java.lang.invoke.DirectMethodHandle$Holder.invokeStaticInit(java.lang.Object, java.lang.Object, int, java.lang.Object)'> (0x0000000704c99d60) 
thrown [s\open\src\hotspot\share\interpreter\linkResolver.cpp, line 759]
Event: 4.504 Thread 0x00000211507464f0 Exception <a 'java/lang/reflect/InvocationTargetException'{0x0000000704a975b8}> (0x0000000704a975b8) 
thrown [s\open\src\hotspot\share\runtime\reflection.cpp, line 1121]
Event: 5.606 Thread 0x00000211510d4830 Exception <a 'sun/net/ConnectionResetException'{0x00000007125e8110}: Connection reset> (0x00000007125e8110) 
thrown [s\open\src\hotspot\share\prims\jni.cpp, line 535]

VM Operations (20 events):
Event: 3.789 Executing VM operation: HandshakeAllThreads done
Event: 3.792 Executing VM operation: HandshakeAllThreads
Event: 3.792 Executing VM operation: HandshakeAllThreads done
Event: 3.792 Executing VM operation: CollectForMetadataAllocation
Event: 3.796 Executing VM operation: CollectForMetadataAllocation done
Event: 3.810 Executing VM operation: CollectForMetadataAllocation
Event: 3.811 Executing VM operation: CollectForMetadataAllocation done
Event: 3.812 Executing VM operation: HandshakeAllThreads
Event: 3.812 Executing VM operation: HandshakeAllThreads done
Event: 3.816 Executing VM operation: G1Concurrent
Event: 3.818 Executing VM operation: G1Concurrent done
Event: 3.828 Executing VM operation: G1Concurrent
Event: 3.828 Executing VM operation: G1Concurrent done
Event: 4.541 Executing VM operation: G1CollectForAllocation
Event: 4.545 Executing VM operation: G1CollectForAllocation done
Event: 4.570 Executing VM operation: G1Concurrent
Event: 4.573 Executing VM operation: G1Concurrent done
Event: 4.581 Executing VM operation: G1Concurrent
Event: 5.606 Executing VM operation: G1Concurrent done
Event: 6.618 Executing VM operation: Cleanup

Events (20 events):
Event: 4.084 loading class javax/naming/RefAddr
Event: 4.085 loading class javax/naming/RefAddr done
Event: 4.085 loading class javax/naming/StringRefAddr
Event: 4.085 loading class javax/naming/StringRefAddr done
Event: 4.108 loading class java/util/concurrent/CompletableFuture$AltResult
Event: 4.108 loading class java/util/concurrent/CompletableFuture$AltResult done
Event: 4.108 loading class java/util/concurrent/CompletableFuture$Completion
Event: 4.109 loading class java/util/concurrent/CompletableFuture$AsynchronousCompletionTask
Event: 4.109 loading class java/util/concurrent/CompletableFuture$AsynchronousCompletionTask done
Event: 4.109 loading class java/util/concurrent/CompletableFuture$Completion done
Event: 4.340 loading class java/util/concurrent/CancellationException
Event: 4.341 loading class java/util/concurrent/CancellationException done
Event: 4.499 Thread 0x00000211510d1fb0 Thread added: 0x00000211510d1fb0
Event: 4.507 Thread 0x00000211510d1fb0 Thread exited: 0x00000211510d1fb0
Event: 5.606 loading class sun/net/ConnectionResetException
Event: 5.606 loading class sun/net/ConnectionResetException done
Event: 5.606 Thread 0x000002110ab660b0 Thread exited: 0x000002110ab660b0
Event: 5.732 loading class javax/naming/Reference
Event: 5.732 loading class javax/naming/Reference done
Event: 7.749 Thread 0x00000211510d1080 Thread added: 0x00000211510d1080


Dynamic libraries:
0x00007ff6b6a20000 - 0x00007ff6b6a30000 	C:\Program Files\Java\jdk-17\bin\java.exe
0x00007ff9f4e60000 - 0x00007ff9f50c9000 	C:\WINDOWS\SYSTEM32\ntdll.dll
0x00007ff9f4040000 - 0x00007ff9f4109000 	C:\WINDOWS\System32\KERNEL32.DLL
0x00007ff9f24a0000 - 0x00007ff9f2893000 	C:\WINDOWS\System32\KERNELBASE.dll
0x00007ff9f21d0000 - 0x00007ff9f231b000 	C:\WINDOWS\System32\ucrtbase.dll
0x00007ff9e3bb0000 - 0x00007ff9e3bc9000 	C:\Program Files\Java\jdk-17\bin\jli.dll
0x00007ff9e3820000 - 0x00007ff9e383b000 	C:\Program Files\Java\jdk-17\bin\VCRUNTIME140.dll
0x00007ff9f3b20000 - 0x00007ff9f3bd4000 	C:\WINDOWS\System32\ADVAPI32.dll
0x00007ff9f3750000 - 0x00007ff9f37f9000 	C:\WINDOWS\System32\msvcrt.dll
0x00007ff9f3960000 - 0x00007ff9f3a06000 	C:\WINDOWS\System32\sechost.dll
0x00007ff9f30c0000 - 0x00007ff9f31d8000 	C:\WINDOWS\System32\RPCRT4.dll
0x00007ff9f4af0000 - 0x00007ff9f4cb4000 	C:\WINDOWS\System32\USER32.dll
0x00007ff9d8970000 - 0x00007ff9d8c03000 	C:\WINDOWS\WinSxS\amd64_microsoft.windows.common-controls_6595b64144ccf1df_6.0.26100.5074_none_3e0d6f78e32fd63f\COMCTL32.dll
0x00007ff9f2c00000 - 0x00007ff9f2c27000 	C:\WINDOWS\System32\win32u.dll
0x00007ff9f4a00000 - 0x00007ff9f4a2b000 	C:\WINDOWS\System32\GDI32.dll
0x00007ff9f20a0000 - 0x00007ff9f21cd000 	C:\WINDOWS\System32\gdi32full.dll
0x00007ff9f1ff0000 - 0x00007ff9f2093000 	C:\WINDOWS\System32\msvcp_win.dll
0x00007ff9e35b0000 - 0x00007ff9e35bb000 	C:\WINDOWS\SYSTEM32\VERSION.dll
0x00007ff9f3800000 - 0x00007ff9f382f000 	C:\WINDOWS\System32\IMM32.DLL
0x00007ff9e3810000 - 0x00007ff9e381c000 	C:\Program Files\Java\jdk-17\bin\vcruntime140_1.dll
0x00007ff9d8140000 - 0x00007ff9d81ce000 	C:\Program Files\Java\jdk-17\bin\msvcp140.dll
0x00007ff9a4960000 - 0x00007ff9a5540000 	C:\Program Files\Java\jdk-17\bin\server\jvm.dll
0x00007ff9f49d0000 - 0x00007ff9f49d8000 	C:\WINDOWS\System32\PSAPI.DLL
0x00007ff9cb820000 - 0x00007ff9cb82a000 	C:\WINDOWS\SYSTEM32\WSOCK32.dll
0x00007ff9df7f0000 - 0x00007ff9df825000 	C:\WINDOWS\SYSTEM32\WINMM.dll
0x00007ff9f3840000 - 0x00007ff9f38b4000 	C:\WINDOWS\System32\WS2_32.dll
0x00007ff9f0db0000 - 0x00007ff9f0dcb000 	C:\WINDOWS\SYSTEM32\kernel.appcore.dll
0x00007ff9e3800000 - 0x00007ff9e380a000 	C:\Program Files\Java\jdk-17\bin\jimage.dll
0x00007ff9ef8b0000 - 0x00007ff9efaf2000 	C:\WINDOWS\SYSTEM32\DBGHELP.DLL
0x00007ff9f2c40000 - 0x00007ff9f2fbb000 	C:\WINDOWS\System32\combase.dll
0x00007ff9f3f60000 - 0x00007ff9f4037000 	C:\WINDOWS\System32\OLEAUT32.dll
0x00007ff9d20a0000 - 0x00007ff9d20dd000 	C:\WINDOWS\SYSTEM32\dbgcore.DLL
0x00007ff9f28a0000 - 0x00007ff9f2939000 	C:\WINDOWS\System32\bcryptPrimitives.dll
0x00007ff9d7ee0000 - 0x00007ff9d7eee000 	C:\Program Files\Java\jdk-17\bin\instrument.dll
0x00007ff9e1af0000 - 0x00007ff9e1b15000 	C:\Program Files\Java\jdk-17\bin\java.dll
0x00007ff9c7950000 - 0x00007ff9c7a27000 	C:\Program Files\Java\jdk-17\bin\jsvml.dll
0x00007ff9f41f0000 - 0x00007ff9f493d000 	C:\WINDOWS\System32\SHELL32.dll
0x00007ff9f2940000 - 0x00007ff9f2aac000 	C:\WINDOWS\System32\wintypes.dll
0x00007ff9efc30000 - 0x00007ff9f0489000 	C:\WINDOWS\SYSTEM32\windows.storage.dll
0x00007ff9f2fc0000 - 0x00007ff9f30b0000 	C:\WINDOWS\System32\SHCORE.dll
0x00007ff9f38f0000 - 0x00007ff9f3952000 	C:\WINDOWS\System32\shlwapi.dll
0x00007ff9f1f10000 - 0x00007ff9f1f39000 	C:\WINDOWS\SYSTEM32\profapi.dll
0x00007ff9e1ad0000 - 0x00007ff9e1ae8000 	C:\Program Files\Java\jdk-17\bin\zip.dll
0x00007ff9ea260000 - 0x00007ff9ea279000 	C:\Program Files\Java\jdk-17\bin\net.dll
0x00007ff9e3c00000 - 0x00007ff9e3d1f000 	C:\WINDOWS\SYSTEM32\WINHTTP.dll
0x00007ff9f1350000 - 0x00007ff9f13bb000 	C:\WINDOWS\system32\mswsock.dll
0x00007ff9e37e0000 - 0x00007ff9e37f6000 	C:\Program Files\Java\jdk-17\bin\nio.dll
0x00007ff9f0890000 - 0x00007ff9f09b6000 	C:\WINDOWS\SYSTEM32\DNSAPI.dll
0x00007ff9f07f0000 - 0x00007ff9f0824000 	C:\WINDOWS\SYSTEM32\IPHLPAPI.DLL
0x00007ff9f3b10000 - 0x00007ff9f3b1a000 	C:\WINDOWS\System32\NSI.dll
0x00007ff9e8460000 - 0x00007ff9e846b000 	C:\Windows\System32\rasadhlp.dll
0x00007ff9e30a0000 - 0x00007ff9e3126000 	C:\WINDOWS\System32\fwpuclnt.dll
0x00007ff9d8ef0000 - 0x00007ff9d8efa000 	C:\Program Files\Java\jdk-17\bin\management.dll
0x00007ff9d8490000 - 0x00007ff9d849b000 	C:\Program Files\Java\jdk-17\bin\management_ext.dll
0x00007ff9f1600000 - 0x00007ff9f161b000 	C:\WINDOWS\SYSTEM32\CRYPTSP.dll
0x00007ff9f0d10000 - 0x00007ff9f0d4b000 	C:\WINDOWS\system32\rsaenh.dll
0x00007ff9f13f0000 - 0x00007ff9f141b000 	C:\WINDOWS\SYSTEM32\USERENV.dll
0x00007ff9f1ee0000 - 0x00007ff9f1f06000 	C:\WINDOWS\SYSTEM32\bcrypt.dll
0x00007ff9f15f0000 - 0x00007ff9f15fc000 	C:\WINDOWS\SYSTEM32\CRYPTBASE.dll
0x00007ff9e8470000 - 0x00007ff9e848e000 	C:\WINDOWS\SYSTEM32\dhcpcsvc6.DLL
0x00007ff9e3bd0000 - 0x00007ff9e3bf3000 	C:\WINDOWS\SYSTEM32\dhcpcsvc.DLL
0x00007ff9cb320000 - 0x00007ff9cb338000 	C:\WINDOWS\system32\napinsp.dll
0x00007ff9cb300000 - 0x00007ff9cb312000 	C:\WINDOWS\System32\winrnr.dll
0x00007ff9cb2d0000 - 0x00007ff9cb2f8000 	C:\WINDOWS\system32\nlansp_c.dll
0x00007ff9e84a0000 - 0x00007ff9e84b6000 	C:\WINDOWS\system32\wshbth.dll
0x00007ff9e17f0000 - 0x00007ff9e17fe000 	C:\Program Files\Java\jdk-17\bin\sunmscapi.dll
0x00007ff9f2320000 - 0x00007ff9f2497000 	C:\WINDOWS\System32\CRYPT32.dll
0x00007ff9f1810000 - 0x00007ff9f1840000 	C:\WINDOWS\SYSTEM32\ncrypt.dll
0x00007ff9f17c0000 - 0x00007ff9f17ff000 	C:\WINDOWS\SYSTEM32\NTASN1.dll
0x00007ff9e1800000 - 0x00007ff9e1810000 	C:\Program Files\Java\jdk-17\bin\verify.dll

dbghelp: loaded successfully - version: 4.0.5 - missing functions: none
symbol engine: initialized successfully - sym options: 0x614 - pdb path: .;C:\Program Files\Java\jdk-17\bin;C:\WINDOWS\SYSTEM32;C:\WINDOWS\WinSxS\amd64_microsoft.windows.common-controls_6595b64144ccf1df_6.0.26100.5074_none_3e0d6f78e32fd63f;C:\Program Files\Java\jdk-17\bin\server

VM Arguments:
jvm_args: -XX:TieredStopAtLevel=1 -Dspring.output.ansi.enabled=always -Dcom.sun.management.jmxremote -Dspring.jmx.enabled=true -Dspring.liveBeansView.mbeanDomain -Dspring.application.admin.enabled=true -Dmanagement.endpoints.jmx.exposure.include=* -javaagent:C:\Program Files\JetBrains\IntelliJ IDEA 2025.2.1\lib\idea_rt.jar=58902 -Dfile.encoding=UTF-8 
java_command: com.HospitalManagement.HospitalManagementSystem.HospitalManagementSystemApplication
java_class_path (initial): C:\HospitalManagementSystem\target\classes;C:\Users\Saurabh Srivastav\.m2\repository\org\springframework\boot\spring-boot-starter-data-jpa\3.5.6\spring-boot-starter-data-jpa-3.5.6.jar;C:\Users\Saurabh Srivastav\.m2\repository\org\springframework\boot\spring-boot-starter\3.5.6\spring-boot-starter-3.5.6.jar;C:\Users\Saurabh Srivastav\.m2\repository\org\springframework\boot\spring-boot\3.5.6\spring-boot-3.5.6.jar;C:\Users\Saurabh Srivastav\.m2\repository\org\springframework\boot\spring-boot-autoconfigure\3.5.6\spring-boot-autoconfigure-3.5.6.jar;C:\Users\Saurabh Srivastav\.m2\repository\org\springframework\boot\spring-boot-starter-logging\3.5.6\spring-boot-starter-logging-3.5.6.jar;C:\Users\Saurabh Srivastav\.m2\repository\ch\qos\logback\logback-classic\1.5.18\logback-classic-1.5.18.jar;C:\Users\Saurabh Srivastav\.m2\repository\ch\qos\logback\logback-core\1.5.18\logback-core-1.5.18.jar;C:\Users\Saurabh Srivastav\.m2\repository\org\apache\logging\log4j\log4j-to-slf4j\2.24.3\log4j-to-slf4j-2.24.3.jar;C:\Users\Saurabh Srivastav\.m2\repository\org\apache\logging\log4j\log4j-api\2.24.3\log4j-api-2.24.3.jar;C:\Users\Saurabh Srivastav\.m2\repository\org\slf4j\jul-to-slf4j\2.0.17\jul-to-slf4j-2.0.17.jar;C:\Users\Saurabh Srivastav\.m2\repository\jakarta\annotation\jakarta.annotation-api\2.1.1\jakarta.annotation-api-2.1.1.jar;C:\Users\Saurabh Srivastav\.m2\repository\org\yaml\snakeyaml\2.4\snakeyaml-2.4.jar;C:\Users\Saurabh Srivastav\.m2\repository\org\springframework\boot\spring-boot-starter-jdbc\3.5.6\spring-boot-starter-jdbc-3.5.6.jar;C:\Users\Saurabh Srivastav\.m2\repository\com\zaxxer\HikariCP\6.3.3\HikariCP-6.3.3.jar;C:\Users\Saurabh Srivastav\.m2\repository\org\springframework\spring-jdbc\6.2.11\spring-jdbc-6.2.11.jar;C:\Users\Saurabh Srivastav\.m2\repository\org\hibernate\orm\hibernate-core\6.6.29.Final\hibernate-core-6.6.29.Final.jar;C:\Users\Saurabh Srivastav\.m2\repository\jakarta\persistence\jakarta.persistence-api\3.1.0\jakarta.persisten
Launcher Type: SUN_STANDARD

[Global flags]
     intx CICompilerCount                          = 4                                         {product} {ergonomic}
     uint ConcGCThreads                            = 2                                         {product} {ergonomic}
     uint G1ConcRefinementThreads                  = 8                                         {product} {ergonomic}
   size_t G1HeapRegionSize                         = 2097152                                   {product} {ergonomic}
    uintx GCDrainStackTargetSize                   = 64                                        {product} {ergonomic}
   size_t InitialHeapSize                          = 266338304                                 {product} {ergonomic}
     bool ManagementServer                         = true                                      {product} {command line}
   size_t MarkStackSize                            = 4194304                                   {product} {ergonomic}
   size_t MaxHeapSize                              = 4253024256                                {product} {ergonomic}
   size_t MaxNewSize                               = 2550136832                                {product} {ergonomic}
   size_t MinHeapDeltaBytes                        = 2097152                                   {product} {ergonomic}
   size_t MinHeapSize                              = 8388608                                   {product} {ergonomic}
    uintx NonProfiledCodeHeapSize                  = 0                                      {pd product} {ergonomic}
     bool ProfileInterpreter                       = false                                  {pd product} {command line}
    uintx ProfiledCodeHeapSize                     = 0                                      {pd product} {ergonomic}
   size_t SoftMaxHeapSize                          = 4253024256                             {manageable} {ergonomic}
     intx TieredStopAtLevel                        = 1                                         {product} {command line}
     bool UseCompressedClassPointers               = true                           {product lp64_product} {ergonomic}
     bool UseCompressedOops                        = true                           {product lp64_product} {ergonomic}
     bool UseG1GC                                  = true                                      {product} {ergonomic}
     bool UseLargePagesIndividualAllocation        = false                                  {pd product} {ergonomic}

Logging:
Log output configuration:
 #0: stdout all=warning uptime,level,tags
 #1: stderr all=off uptime,level,tags

Environment Variables:
PATH=C:\Python313\Scripts\;C:\Python313\;C:\Program Files\Common Files\Oracle\Java\javapath;C:\Windows\system32;C:\Windows;C:\Windows\System32\Wbem;C:\Windows\System32\WindowsPowerShell\v1.0\;C:\Windows\System32\OpenSSH\;C:\Program Files (x86)\NVIDIA Corporation\PhysX\Common;C:\Program Files\NVIDIA Corporation\NVIDIA NvDLISR;C:\WINDOWS\system32;C:\WINDOWS;C:\WINDOWS\System32\Wbem;C:\WINDOWS\System32\WindowsPowerShell\v1.0\;C:\WINDOWS\System32\OpenSSH\;C:\MinGW\bin;C:\Program Files\Git\cmd;C:\Program Files\Git\mingw64\bin;C:\Program Files\Git\usr\bin;C:\Program Files\dotnet\;C:\ProgramData\chocolatey\bin;C:\Program Files\Java\jdk-17\bin;C:\Program Files\PostgreSQL\17\bin;C:\maven\apache-maven-3.9.11\bin;C:\Program Files\nodejs\;C:\Program Files\MongoDB\Server\8.0\bin;C:\Stripe;;C:\Program Files\Docker\Docker\resources\bin;C:\Users\Saurabh Srivastav\scoop\shims;C:\Users\Saurabh Srivastav\AppData\Local\Microsoft\WindowsApps;C:\Users\Saurabh Srivastav\AppData\Local\Programs\Microsoft VS Code\bin;C:\Program Files\JetBrains\IntelliJ IDEA Community Edition 2024.2.3\bin;;C:\Users\Saurabh Srivastav\AppData\Local\Programs\mongosh\;C:\Program Files\JetBrains\IntelliJ IDEA 2024.2.4\bin;;C:\Users\Saurabh Srivastav\AppData\Roaming\npm;C:\Program Files\MongoDB\Server\8.0\bin;C:\Users\Saurabh Srivastav\AppData\Roaming\Python\Python313\Scripts;
USERNAME=Saurabh Srivastav
OS=Windows_NT
PROCESSOR_IDENTIFIER=Intel64 Family 6 Model 165 Stepping 2, GenuineIntel



---------------  S Y S T E M  ---------------

OS:
 Windows 11 , 64 bit Build 26100 (10.0.26100.5074)
OS uptime: 0 days 6:30 hours
Hyper-V role detected

CPU: total 8 (initial active 8) (4 cores per cpu, 2 threads per core) family 6 model 165 stepping 2 microcode 0xe0, cx8, cmov, fxsr, ht, mmx, 3dnowpref, sse, sse2, sse3, ssse3, sse4.1, sse4.2, popcnt, lzcnt, tsc, tscinvbit, avx, avx2, aes, erms, clmul, bmi1, bmi2, adx, fma, vzeroupper, clflush, clflushopt, hv

Memory: 4k page, system-wide physical 16221M (4932M free)
TotalPageFile size 16221M (AvailPageFile size 0M)
current process WorkingSet (physical memory assigned to process): 169M, peak: 171M
current process commit charge ("private bytes"): 211M, peak: 379M

vm_info: Java HotSpot(TM) 64-Bit Server VM (17.0.12+8-LTS-286) for windows-amd64 JRE (17.0.12+8-LTS-286), built on Jun  5 2024 06:46:59 by "mach5one" with MS VC++ 17.6 (VS2022)

END.
