#
# There is insufficient memory for the Java Runtime Environment to continue.
# Native memory allocation (mmap) failed to map 266338304 bytes for G1 virtual space
# Possible reasons:
#   The system is out of physical RAM or swap space
#   The process is running with CompressedOops enabled, and the Java Heap may be blocking the growth of the native heap
# Possible solutions:
#   Reduce memory load on the system
#   Increase physical memory or swap space
#   Check if swap backing store is full
#   Decrease Java heap size (-Xmx/-Xms)
#   Decrease number of Java threads
#   Decrease Java thread stack sizes (-Xss)
#   Set larger code cache with -XX:ReservedCodeCacheSize=
#   JVM is running with Zero Based Compressed Oops mode in which the Java heap is
#     placed in the first 32GB address space. The Java Heap base address is the
#     maximum limit for the native heap growth. Please use -XX:HeapBaseMinAddress
#     to set the Java Heap base and to place the Java Heap above 32GB virtual address.
# This output file may be truncated or incomplete.
#
#  Out of Memory Error (os_windows.cpp:3548), pid=27620, tid=2272
#
# JRE version:  (17.0.12+8) (build )
# Java VM: Java HotSpot(TM) 64-Bit Server VM (17.0.12+8-LTS-286, mixed mode, emulated-client, sharing, tiered, compressed oops, compressed class ptrs, g1 gc, windows-amd64)
# No core dump will be written. Minidumps are not enabled by default on client versions of Windows
#

---------------  S U M M A R Y ------------

Command Line: -agentlib:jdwp=transport=dt_socket,address=127.0.0.1:65020,suspend=y,server=n -javaagent:C:\Users\SAURAB~1\AppData\Local\Temp\captureAgent185713jars\debugger-agent.jar=file:///C:/Users/SAURAB~1/AppData/Local/Temp/capture11911008100490322009.props -agentpath:C:\Users\SAURAB~1\AppData\Local\Temp\idea_libasyncProfiler_dll_temp_folder151779\libasyncProfiler.dll=version,jfr,event=wall,interval=10ms,cstack=no,file=C:\Users\Saurabh Srivastav\IdeaSnapshots\HospitalManagementSystemApplication_2025_10_11_155647.jfr,dbghelppath=C:\Users\SAURAB~1\AppData\Local\Temp\idea_dbghelp_dll_temp_folder71690\dbghelp.dll,log=C:\Users\SAURAB~1\AppData\Local\Temp\HospitalManagementSystemApplication_2025_10_11_155647.jfr.log.txt,logLevel=DEBUG -XX:TieredStopAtLevel=1 -Dspring.output.ansi.enabled=always -Dcom.sun.management.jmxremote -Dspring.jmx.enabled=true -Dspring.liveBeansView.mbeanDomain -Dspring.application.admin.enabled=true -Dmanagement.endpoints.jmx.exposure.include=* -Dkotlinx.coroutines.debug.enable.creation.stack.trace=false -Ddebugger.agent.enable.coroutines=true -Dkotlinx.coroutines.debug.enable.flows.stack.trace=true -Dkotlinx.coroutines.debug.enable.mutable.state.flows.stack.trace=true -Dfile.encoding=UTF-8 com.HospitalManagement.HospitalManagementSystem.HospitalManagementSystemApplication

Host: Intel(R) Core(TM) i5-10300H CPU @ 2.50GHz, 8 cores, 15G,  Windows 11 , 64 bit Build 26100 (10.0.26100.6725)
Time: Sat Oct 11 15:56:49 2025 India Standard Time elapsed time: 1.570011 seconds (0d 0h 0m 1s)

---------------  T H R E A D  ---------------

Current thread (0x00000271cac009e0):  JavaThread "Unknown thread" [_thread_in_vm, id=2272, stack(0x000000de19b00000,0x000000de19c00000)]

Stack: [0x000000de19b00000,0x000000de19c00000]
Native frames: (J=compiled Java code, j=interpreted, Vv=VM code, C=native code)
V  [jvm.dll+0x67a04a]
V  [jvm.dll+0x7da4ed]
V  [jvm.dll+0x7dbe33]
V  [jvm.dll+0x7dc4a3]
V  [jvm.dll+0x24508f]
V  [jvm.dll+0x677089]
V  [jvm.dll+0x66bd32]
V  [jvm.dll+0x301fa6]
V  [jvm.dll+0x309546]
V  [jvm.dll+0x359d2e]
V  [jvm.dll+0x359f5f]
V  [jvm.dll+0x2d9078]
V  [jvm.dll+0x2d9fe4]
V  [jvm.dll+0x7aca21]
V  [jvm.dll+0x367591]
V  [jvm.dll+0x78b999]
V  [jvm.dll+0x3ec83f]
V  [jvm.dll+0x3ee471]
C  [jli.dll+0x5297]
C  [ucrtbase.dll+0x37b0]
C  [KERNEL32.DLL+0x2e8d7]
C  [ntdll.dll+0x8c53c]


---------------  P R O C E S S  ---------------

Threads class SMR info:
_java_thread_list=0x00007fff1c5f7a18, length=0, elements={
}

Java Threads: ( => current thread )

Other Threads:
  0x00000271cac74820 GCTaskThread "GC Thread#0" [stack: 0x000000de19c00000,0x000000de19d00000] [id=27208]
  0x00000271cacc4630 ConcurrentGCThread "G1 Main Marker" [stack: 0x000000de19d00000,0x000000de19e00000] [id=3508]
  0x00000271cacc85b0 ConcurrentGCThread "G1 Conc#0" [stack: 0x000000de19e00000,0x000000de19f00000] [id=27304]

[error occurred during error reporting (printing all threads), id 0xc0000005, EXCEPTION_ACCESS_VIOLATION (0xc0000005) at pc=0x00007fff1be29b67]

VM state: not at safepoint (not fully initialized)

VM Mutex/Monitor currently owned by a thread:  ([mutex/lock_event])
[0x00000271cabfc860] Heap_lock - owner thread: 0x00000271cac009e0

Heap address: 0x0000000702800000, size: 4056 MB, Compressed Oops mode: Zero based, Oop shift amount: 3

CDS archive(s) mapped at: [0x0000000000000000-0x0000000000000000-0x0000000000000000), size 0, SharedBaseAddress: 0x0000000800000000, ArchiveRelocationMode: 1.
Narrow klass base: 0x0000000000000000, Narrow klass shift: 0, Narrow klass range: 0x0

GC Precious Log:
<Empty>

Heap:
 garbage-first heap   total 0K, used 0K [0x0000000702800000, 0x0000000800000000)
  region size 2048K, 0 young (0K), 0 survivors (0K)

[error occurred during error reporting (printing heap information), id 0xc0000005, EXCEPTION_ACCESS_VIOLATION (0xc0000005) at pc=0x00007fff1c213859]

GC Heap History (0 events):
No events

Deoptimization events (0 events):
No events

Classes unloaded (0 events):
No events

Classes redefined (0 events):
No events

Internal exceptions (0 events):
No events

VM Operations (0 events):
No events

Events (2 events):
Event: 0.028 Loaded shared library C:\Program Files\Java\jdk-17\bin\java.dll
Event: 0.030 Loaded shared library C:\Program Files\Java\jdk-17\bin\zip.dll


Dynamic libraries:
0x00007ff63d770000 - 0x00007ff63d780000 	C:\Program Files\Java\jdk-17\bin\java.exe
0x00007fffa0fe0000 - 0x00007fffa1248000 	C:\WINDOWS\SYSTEM32\ntdll.dll
0x00007fff9f010000 - 0x00007fff9f0d9000 	C:\WINDOWS\System32\KERNEL32.DLL
0x00007fff9e8d0000 - 0x00007fff9ecc2000 	C:\WINDOWS\System32\KERNELBASE.dll
0x00007fff9e3a0000 - 0x00007fff9e4eb000 	C:\WINDOWS\System32\ucrtbase.dll
0x00007fff64b30000 - 0x00007fff64b4b000 	C:\Program Files\Java\jdk-17\bin\VCRUNTIME140.dll
0x00007fff900c0000 - 0x00007fff900d9000 	C:\Program Files\Java\jdk-17\bin\jli.dll
0x00007fffa0580000 - 0x00007fffa0634000 	C:\WINDOWS\System32\ADVAPI32.dll
0x00007fff9f730000 - 0x00007fff9f7d9000 	C:\WINDOWS\System32\msvcrt.dll
0x00007fffa0ad0000 - 0x00007fffa0b76000 	C:\WINDOWS\System32\sechost.dll
0x00007fffa0dc0000 - 0x00007fffa0ed8000 	C:\WINDOWS\System32\RPCRT4.dll
0x00007fff9edb0000 - 0x00007fff9ef75000 	C:\WINDOWS\System32\USER32.dll
0x00007fff9ed80000 - 0x00007fff9eda7000 	C:\WINDOWS\System32\win32u.dll
0x00007fff85670000 - 0x00007fff85903000 	C:\WINDOWS\WinSxS\amd64_microsoft.windows.common-controls_6595b64144ccf1df_6.0.26100.6725_none_3e085828e334708b\COMCTL32.dll
0x00007fffa0450000 - 0x00007fffa047b000 	C:\WINDOWS\System32\GDI32.dll
0x00007fff9e700000 - 0x00007fff9e82d000 	C:\WINDOWS\System32\gdi32full.dll
0x00007fff9ecd0000 - 0x00007fff9ed73000 	C:\WINDOWS\System32\msvcp_win.dll
0x00007fff8f7b0000 - 0x00007fff8f7bb000 	C:\WINDOWS\SYSTEM32\VERSION.dll
0x00007fffa0110000 - 0x00007fffa013f000 	C:\WINDOWS\System32\IMM32.DLL
0x00007fff98cb0000 - 0x00007fff98cbc000 	C:\Program Files\Java\jdk-17\bin\vcruntime140_1.dll
0x00007fff59710000 - 0x00007fff5979e000 	C:\Program Files\Java\jdk-17\bin\msvcp140.dll
0x00007fff1bb40000 - 0x00007fff1c720000 	C:\Program Files\Java\jdk-17\bin\server\jvm.dll
0x00007fffa03c0000 - 0x00007fffa03c8000 	C:\WINDOWS\System32\PSAPI.DLL
0x00007fff7c3b0000 - 0x00007fff7c3ba000 	C:\WINDOWS\SYSTEM32\WSOCK32.dll
0x00007fff8a160000 - 0x00007fff8a195000 	C:\WINDOWS\SYSTEM32\WINMM.dll
0x00007fffa0f20000 - 0x00007fffa0f94000 	C:\WINDOWS\System32\WS2_32.dll
0x00007fff9cf20000 - 0x00007fff9cf3b000 	C:\WINDOWS\SYSTEM32\kernel.appcore.dll
0x00007fff900b0000 - 0x00007fff900ba000 	C:\Program Files\Java\jdk-17\bin\jimage.dll
0x00007fff9b8a0000 - 0x00007fff9bae2000 	C:\WINDOWS\SYSTEM32\DBGHELP.DLL
0x00007fff9f240000 - 0x00007fff9f5bb000 	C:\WINDOWS\System32\combase.dll
0x00007fff9ff30000 - 0x00007fffa0007000 	C:\WINDOWS\System32\OLEAUT32.dll
0x00007fff81340000 - 0x00007fff8137c000 	C:\WINDOWS\SYSTEM32\dbgcore.DLL
0x00007fff9e830000 - 0x00007fff9e8c8000 	C:\WINDOWS\System32\bcryptPrimitives.dll
0x00007fff50140000 - 0x00007fff5017b000 	C:\Program Files\Java\jdk-17\bin\jdwp.dll
0x00007fff620f0000 - 0x00007fff620fe000 	C:\Program Files\Java\jdk-17\bin\instrument.dll
0x00007fff596e0000 - 0x00007fff59705000 	C:\Program Files\Java\jdk-17\bin\java.dll
0x00007fff2c400000 - 0x00007fff2c611000 	C:\Users\SAURAB~1\AppData\Local\Temp\idea_libasyncProfiler_dll_temp_folder151779\libasyncProfiler.dll
0x00007fff576e0000 - 0x00007fff576f8000 	C:\Program Files\Java\jdk-17\bin\zip.dll

dbghelp: loaded successfully - version: 4.0.5 - missing functions: none
symbol engine: initialized successfully - sym options: 0x614 - pdb path: .;C:\Program Files\Java\jdk-17\bin;C:\WINDOWS\SYSTEM32;C:\WINDOWS\WinSxS\amd64_microsoft.windows.common-controls_6595b64144ccf1df_6.0.26100.6725_none_3e085828e334708b;C:\Program Files\Java\jdk-17\bin\server;C:\Users\SAURAB~1\AppData\Local\Temp\idea_libasyncProfiler_dll_temp_folder151779

VM Arguments:
jvm_args: -agentlib:jdwp=transport=dt_socket,address=127.0.0.1:65020,suspend=y,server=n -javaagent:C:\Users\SAURAB~1\AppData\Local\Temp\captureAgent185713jars\debugger-agent.jar=file:///C:/Users/SAURAB~1/AppData/Local/Temp/capture11911008100490322009.props -agentpath:C:\Users\SAURAB~1\AppData\Local\Temp\idea_libasyncProfiler_dll_temp_folder151779\libasyncProfiler.dll=version,jfr,event=wall,interval=10ms,cstack=no,file=C:\Users\Saurabh Srivastav\IdeaSnapshots\HospitalManagementSystemApplication_2025_10_11_155647.jfr,dbghelppath=C:\Users\SAURAB~1\AppData\Local\Temp\idea_dbghelp_dll_temp_folder71690\dbghelp.dll,log=C:\Users\SAURAB~1\AppData\Local\Temp\HospitalManagementSystemApplication_2025_10_11_155647.jfr.log.txt,logLevel=DEBUG -XX:TieredStopAtLevel=1 -Dspring.output.ansi.enabled=always -Dcom.sun.management.jmxremote -Dspring.jmx.enabled=true -Dspring.liveBeansView.mbeanDomain -Dspring.application.admin.enabled=true -Dmanagement.endpoints.jmx.exposure.include=* -Dkotlinx.coroutines.debug.enable.creation.stack.trace=false -Ddebugger.agent.enable.coroutines=true -Dkotlinx.coroutines.debug.enable.flows.stack.trace=true -Dkotlinx.coroutines.debug.enable.mutable.state.flows.stack.trace=true -Dfile.encoding=UTF-8 
java_command: com.HospitalManagement.HospitalManagementSystem.HospitalManagementSystemApplication
java_class_path (initial): C:\HospitalManagementSystem\target\classes;C:\Users\Saurabh Srivastav\.m2\repository\org\springframework\boot\spring-boot-starter-data-jpa\3.5.6\spring-boot-starter-data-jpa-3.5.6.jar;C:\Users\Saurabh Srivastav\.m2\repository\org\springframework\boot\spring-boot-starter\3.5.6\spring-boot-starter-3.5.6.jar;C:\Users\Saurabh Srivastav\.m2\repository\org\springframework\boot\spring-boot\3.5.6\spring-boot-3.5.6.jar;C:\Users\Saurabh Srivastav\.m2\repository\org\springframework\boot\spring-boot-autoconfigure\3.5.6\spring-boot-autoconfigure-3.5.6.jar;C:\Users\Saurabh Srivastav\.m2\repository\org\springframework\boot\spring-boot-starter-logging\3.5.6\spring-boot-starter-logging-3.5.6.jar;C:\Users\Saurabh Srivastav\.m2\repository\ch\qos\logback\logback-classic\1.5.18\logback-classic-1.5.18.jar;C:\Users\Saurabh Srivastav\.m2\repository\ch\qos\logback\logback-core\1.5.18\logback-core-1.5.18.jar;C:\Users\Saurabh Srivastav\.m2\repository\org\apache\logging\log4j\log4j-to-slf4j\2.24.3\log4j-to-slf4j-2.24.3.jar;C:\Users\Saurabh Srivastav\.m2\repository\org\apache\logging\log4j\log4j-api\2.24.3\log4j-api-2.24.3.jar;C:\Users\Saurabh Srivastav\.m2\repository\org\slf4j\jul-to-slf4j\2.0.17\jul-to-slf4j-2.0.17.jar;C:\Users\Saurabh Srivastav\.m2\repository\jakarta\annotation\jakarta.annotation-api\2.1.1\jakarta.annotation-api-2.1.1.jar;C:\Users\Saurabh Srivastav\.m2\repository\org\yaml\snakeyaml\2.4\snakeyaml-2.4.jar;C:\Users\Saurabh Srivastav\.m2\repository\org\springframework\boot\spring-boot-starter-jdbc\3.5.6\spring-boot-starter-jdbc-3.5.6.jar;C:\Users\Saurabh Srivastav\.m2\repository\com\zaxxer\HikariCP\6.3.3\HikariCP-6.3.3.jar;C:\Users\Saurabh Srivastav\.m2\repository\org\springframework\spring-jdbc\6.2.11\spring-jdbc-6.2.11.jar;C:\Users\Saurabh Srivastav\.m2\repository\org\hibernate\orm\hibernate-core\6.6.29.Final\hibernate-core-6.6.29.Final.jar;C:\Users\Saurabh Srivastav\.m2\repository\jakarta\persistence\jakarta.persistence-api\3.1.0\jakarta.persisten
Launcher Type: SUN_STANDARD

[Global flags]
     intx CICompilerCount                          = 4                                         {product} {ergonomic}
     uint ConcGCThreads                            = 2                                         {product} {ergonomic}
     uint G1ConcRefinementThreads                  = 8                                         {product} {ergonomic}
   size_t G1HeapRegionSize                         = 2097152                                   {product} {ergonomic}
    uintx GCDrainStackTargetSize                   = 64                                        {product} {ergonomic}
   size_t InitialHeapSize                          = 266338304                                 {product} {ergonomic}
     bool ManagementServer                         = true                                      {product} {command line}
   size_t MarkStackSize                            = 4194304                                   {product} {ergonomic}
   size_t MaxHeapSize                              = 4253024256                                {product} {ergonomic}
   size_t MinHeapDeltaBytes                        = 2097152                                   {product} {ergonomic}
   size_t MinHeapSize                              = 8388608                                   {product} {ergonomic}
    uintx NonProfiledCodeHeapSize                  = 0                                      {pd product} {ergonomic}
     bool ProfileInterpreter                       = false                                  {pd product} {command line}
    uintx ProfiledCodeHeapSize                     = 0                                      {pd product} {ergonomic}
   size_t SoftMaxHeapSize                          = 4253024256                             {manageable} {ergonomic}
     intx TieredStopAtLevel                        = 1                                         {product} {command line}
     bool UseCompressedClassPointers               = true                           {product lp64_product} {ergonomic}
     bool UseCompressedOops                        = true                           {product lp64_product} {ergonomic}
     bool UseG1GC                                  = true                                      {product} {ergonomic}
     bool UseLargePagesIndividualAllocation        = false                                  {pd product} {ergonomic}

Logging:
Log output configuration:
 #0: stdout all=warning uptime,level,tags
 #1: stderr all=off uptime,level,tags

Environment Variables:
PATH=C:\Python313\Scripts\;C:\Python313\;C:\Program Files\Common Files\Oracle\Java\javapath;C:\Windows\system32;C:\Windows;C:\Windows\System32\Wbem;C:\Windows\System32\WindowsPowerShell\v1.0\;C:\Windows\System32\OpenSSH\;C:\Program Files (x86)\NVIDIA Corporation\PhysX\Common;C:\Program Files\NVIDIA Corporation\NVIDIA NvDLISR;C:\WINDOWS\system32;C:\WINDOWS;C:\WINDOWS\System32\Wbem;C:\WINDOWS\System32\WindowsPowerShell\v1.0\;C:\WINDOWS\System32\OpenSSH\;C:\MinGW\bin;C:\Program Files\Git\cmd;C:\Program Files\Git\mingw64\bin;C:\Program Files\Git\usr\bin;C:\Program Files\dotnet\;C:\ProgramData\chocolatey\bin;C:\Program Files\Java\jdk-17\bin;C:\Program Files\PostgreSQL\17\bin;C:\maven\apache-maven-3.9.11\bin;C:\Program Files\nodejs\;C:\Program Files\MongoDB\Server\8.0\bin;C:\Stripe;;C:\Program Files\Docker\Docker\resources\bin;C:\Users\Saurabh Srivastav\scoop\shims;C:\Users\Saurabh Srivastav\AppData\Local\Microsoft\WindowsApps;C:\Users\Saurabh Srivastav\AppData\Local\Programs\Microsoft VS Code\bin;C:\Program Files\JetBrains\IntelliJ IDEA Community Edition 2024.2.3\bin;;C:\Users\Saurabh Srivastav\AppData\Local\Programs\mongosh\;C:\Program Files\JetBrains\IntelliJ IDEA 2024.2.4\bin;;C:\Users\Saurabh Srivastav\AppData\Roaming\npm;C:\Program Files\MongoDB\Server\8.0\bin;C:\Users\Saurabh Srivastav\AppData\Roaming\Python\Python313\Scripts;
USERNAME=Saurabh Srivastav
OS=Windows_NT
PROCESSOR_IDENTIFIER=Intel64 Family 6 Model 165 Stepping 2, GenuineIntel



---------------  S Y S T E M  ---------------

OS:
 Windows 11 , 64 bit Build 26100 (10.0.26100.6725)
OS uptime: 0 days 0:53 hours
Hyper-V role detected

CPU: total 8 (initial active 8) (4 cores per cpu, 2 threads per core) family 6 model 165 stepping 2 microcode 0xe0, cx8, cmov, fxsr, ht, mmx, 3dnowpref, sse, sse2, sse3, ssse3, sse4.1, sse4.2, popcnt, lzcnt, tsc, tscinvbit, avx, avx2, aes, erms, clmul, bmi1, bmi2, adx, fma, vzeroupper, clflush, clflushopt, hv

Memory: 4k page, system-wide physical 16221M (3619M free)
TotalPageFile size 16221M (AvailPageFile size 229M)
current process WorkingSet (physical memory assigned to process): 14M, peak: 14M
current process commit charge ("private bytes"): 67M, peak: 321M

vm_info: Java HotSpot(TM) 64-Bit Server VM (17.0.12+8-LTS-286) for windows-amd64 JRE (17.0.12+8-LTS-286), built on Jun  5 2024 06:46:59 by "mach5one" with MS VC++ 17.6 (VS2022)

END.
